18:51:19.854 [main] INFO  com.intuit.karate.Runner - using system property 'karate.options': --tags ~@ignore
18:51:20.319 [main] DEBUG com.intuit.karate.Suite - [config] classpath:karate-config.js
18:51:21.438 [main] INFO  com.intuit.karate - karate.env system property was: null 
18:51:21.447 [main] INFO  com.intuit.karate - >> lock acquired, begin callSingle: classpath:com/karate/helpers/CreateToken.feature
18:51:22.502 [main] DEBUG com.intuit.karate - request:
1 > POST https://conduit.productionready.io/api/users/login
1 > Content-Type: application/json; charset=UTF-8
1 > Content-Length: 63
1 > Host: conduit.productionready.io
1 > Connection: Keep-Alive
1 > User-Agent: Apache-HttpClient/4.5.13 (Java/1.8.0_261)
1 > Accept-Encoding: gzip,deflate
{"user":{"password":"Ant3m3an!","email":"ravi.gajul@test.com"}}

18:51:23.280 [main] DEBUG com.intuit.karate - response time in milliseconds: 764
1 < 200
1 < Date: Tue, 27 Apr 2021 13:21:23 GMT
1 < Content-Type: application/json; charset=utf-8
1 < Transfer-Encoding: chunked
1 < Connection: keep-alive
1 < Cache-Control: max-age=0, private, must-revalidate
1 < ETag: W/"d42426e9e4a55596f3dabd1ac846c712"
1 < Status: 200 OK
1 < Vary: Origin
1 < X-Content-Type-Options: nosniff
1 < X-Frame-Options: SAMEORIGIN
1 < X-Powered-By: Phusion Passenger 4.0.60
1 < X-Request-Id: 60714ec2-0572-4c27-b971-8fe1629194f5
1 < X-Runtime: 0.081030
1 < X-XSS-Protection: 1; mode=block
1 < CF-Cache-Status: DYNAMIC
1 < cf-request-id: 09b516e70a00004afe4b9b4000000001
1 < Expect-CT: max-age=604800, report-uri="https://report-uri.cloudflare.com/cdn-cgi/beacon/expect-ct"
1 < Report-To: {"group":"cf-nel","max_age":604800,"endpoints":[{"url":"https:\/\/a.nel.cloudflare.com\/report?s=GwmtcYxBGqwfGfAJ%2F1JA44n1n4%2Bst8nUq8brr2ouBzPOYibaTsye7NB8WINYYe8YEH6S%2Bxeh%2BOIxZsfFqVf366wC3RdrrTCqAt0qbAWNiyOWXuBRz8jZiqQA6w%3D%3D"}]}
1 < NEL: {"report_to":"cf-nel","max_age":604800}
1 < Server: cloudflare
1 < CF-RAY: 64685a84d87b4afe-HYD
1 < alt-svc: h3-27=":443"; ma=86400, h3-28=":443"; ma=86400, h3-29=":443"; ma=86400
1 < Set-Cookie: __cfduid=d70502dfd12a67c7e9ff4fb9b7742be071619529682; Max-Age=1622121682000; Expires=Sat, 24 Apr 53424 01:28:03 GMT; Domain=productionready.io
{"user":{"createdAt":"2021-04-20T09:54:12.199Z","image":null,"bio":null,"id":163903,"email":"ravi.gajul@test.com","updatedAt":"2021-04-20T09:54:12.212Z","username":"ravigajul","token":"eyJ0eXAiOiJKV1QiLCJhbGciOiJIUzI1NiJ9.eyJpZCI6MTYzOTAzLCJ1c2VybmFtZSI6InJhdmlnYWp1bCIsImV4cCI6MTYyNDcxMzY4M30.XsVnHTd4rIbHLfV9BbkW34HFL0GlkLcVXToSS4QT7-I"}}
18:51:23.288 [main] INFO  com.intuit.karate - [print] eyJ0eXAiOiJKV1QiLCJhbGciOiJIUzI1NiJ9.eyJpZCI6MTYzOTAzLCJ1c2VybmFtZSI6InJhdmlnYWp1bCIsImV4cCI6MTYyNDcxMzY4M30.XsVnHTd4rIbHLfV9BbkW34HFL0GlkLcVXToSS4QT7-I 
18:51:23.291 [main] INFO  com.intuit.karate - << lock released, cached callSingle: classpath:com/karate/helpers/CreateToken.feature
18:51:23.409 [main] DEBUG com.intuit.karate - request:
1 > GET https://conduit.productionready.io/api/tags
1 > Authorization: Token eyJ0eXAiOiJKV1QiLCJhbGciOiJIUzI1NiJ9.eyJpZCI6MTYzOTAzLCJ1c2VybmFtZSI6InJhdmlnYWp1bCIsImV4cCI6MTYyNDcxMzY4M30.XsVnHTd4rIbHLfV9BbkW34HFL0GlkLcVXToSS4QT7-I
1 > Host: conduit.productionready.io
1 > Connection: Keep-Alive
1 > User-Agent: Apache-HttpClient/4.5.13 (Java/1.8.0_261)
1 > Accept-Encoding: gzip,deflate


18:51:24.514 [main] DEBUG com.intuit.karate - response time in milliseconds: 1105
1 < 200
1 < Date: Tue, 27 Apr 2021 13:21:24 GMT
1 < Content-Type: application/json; charset=utf-8
1 < Transfer-Encoding: chunked
1 < Connection: keep-alive
1 < Cache-Control: max-age=0, private, must-revalidate
1 < ETag: W/"b0a215c6e0e75ed7dfdd439ca22f90f8"
1 < Status: 200 OK
1 < Vary: Origin
1 < X-Content-Type-Options: nosniff
1 < X-Frame-Options: SAMEORIGIN
1 < X-Powered-By: Phusion Passenger 4.0.60
1 < X-Request-Id: 1597a48c-d1bd-4b2b-8bd2-90a52def700e
1 < X-Runtime: 0.832678
1 < X-XSS-Protection: 1; mode=block
1 < CF-Cache-Status: DYNAMIC
1 < cf-request-id: 09b516e9f000004b0b990f0000000001
1 < Expect-CT: max-age=604800, report-uri="https://report-uri.cloudflare.com/cdn-cgi/beacon/expect-ct"
1 < Report-To: {"max_age":604800,"group":"cf-nel","endpoints":[{"url":"https:\/\/a.nel.cloudflare.com\/report?s=N7gG7GKiPExHTkqMxV%2B%2Ft1%2FBI3aaGCEw%2BbOtN%2FgO1GV7iMAKbevoiawroyZLgLf%2Fs%2FocSJw5%2FQ7q%2B01ogGV%2FA6kAnqDEPjDcwDYTOFFBzKLTV9AhOQM%2Bb0HP3w%3D%3D"}]}
1 < NEL: {"max_age":604800,"report_to":"cf-nel"}
1 < Server: cloudflare
1 < CF-RAY: 64685a897bd84b0b-HYD
1 < alt-svc: h3-27=":443"; ma=86400, h3-28=":443"; ma=86400, h3-29=":443"; ma=86400
1 < Set-Cookie: __cfduid=d057bf8e245a2112fb675ad084d521d7a1619529683; Max-Age=1622121683000; Expires=Sat, 24 Apr 53424 01:44:44 GMT; Domain=productionready.io
{"tags":["\u200C","\u200C\u200C","\u200C\u200C\u200C","\u200C\u200C\u200C\u200C","\u200C\u200C\u200C\u200C\u200C","\u200C\u200C\u200C\u200C\u200C\u200C\u200C\u200C","\u200C\u200C\u200C\u200C\u200C\u200C\u200C","\u200C\u200C\u200C\u200C\u200C\u200C","\u200C\u200C\u200C\u200C\u200C\u200C\u200C\u200C\u200C\u200C","\u200C\u200C\u200C\u200C\u200C\u200C\u200C\u200C\u200C\u200C\u200C","HuManIty","Hu\u200CMan\u200CIty","Gandhi","HITLER","SIDA","BlackLivesMatter","Black\u200CLives\u200CMatter","test","dragons","butt"]}
18:51:24.516 [main] INFO  com.intuit.karate - [print] {
  "tags": [
    "\u200C",
    "\u200C\u200C",
    "\u200C\u200C\u200C",
    "\u200C\u200C\u200C\u200C",
    "\u200C\u200C\u200C\u200C\u200C",
    "\u200C\u200C\u200C\u200C\u200C\u200C\u200C\u200C",
    "\u200C\u200C\u200C\u200C\u200C\u200C\u200C",
    "\u200C\u200C\u200C\u200C\u200C\u200C",
    "\u200C\u200C\u200C\u200C\u200C\u200C\u200C\u200C\u200C\u200C",
    "\u200C\u200C\u200C\u200C\u200C\u200C\u200C\u200C\u200C\u200C\u200C",
    "HuManIty",
    "Hu\u200CMan\u200CIty",
    "Gandhi",
    "HITLER",
    "SIDA",
    "BlackLivesMatter",
    "Black\u200CLives\u200CMatter",
    "test",
    "dragons",
    "butt"
  ]
}
 
18:51:24.546 [main] INFO  com.intuit.karate - karate.env system property was: null 
18:51:24.580 [main] DEBUG com.intuit.karate - request:
1 > GET https://conduit.productionready.io/api/articles?offset=0&limit=10
1 > Authorization: Token eyJ0eXAiOiJKV1QiLCJhbGciOiJIUzI1NiJ9.eyJpZCI6MTYzOTAzLCJ1c2VybmFtZSI6InJhdmlnYWp1bCIsImV4cCI6MTYyNDcxMzY4M30.XsVnHTd4rIbHLfV9BbkW34HFL0GlkLcVXToSS4QT7-I
1 > Host: conduit.productionready.io
1 > Connection: Keep-Alive
1 > User-Agent: Apache-HttpClient/4.5.13 (Java/1.8.0_261)
1 > Accept-Encoding: gzip,deflate


18:51:25.724 [main] DEBUG com.intuit.karate - response time in milliseconds: 1143
1 < 200
1 < Date: Tue, 27 Apr 2021 13:21:25 GMT
1 < Content-Type: application/json; charset=utf-8
1 < Transfer-Encoding: chunked
1 < Connection: keep-alive
1 < Cache-Control: max-age=0, private, must-revalidate
1 < ETag: W/"8352c3c2d241050bbea62e2de35db3ab"
1 < Status: 200 OK
1 < Vary: Origin
1 < X-Content-Type-Options: nosniff
1 < X-Frame-Options: SAMEORIGIN
1 < X-Powered-By: Phusion Passenger 4.0.60
1 < X-Request-Id: 3190a6bb-a93a-4ad6-b2f8-dd22071b9e03
1 < X-Runtime: 0.620169
1 < X-XSS-Protection: 1; mode=block
1 < CF-Cache-Status: DYNAMIC
1 < cf-request-id: 09b516ee8600004ae19c3a4000000001
1 < Expect-CT: max-age=604800, report-uri="https://report-uri.cloudflare.com/cdn-cgi/beacon/expect-ct"
1 < Report-To: {"group":"cf-nel","endpoints":[{"url":"https:\/\/a.nel.cloudflare.com\/report?s=MY7zkP99YCwZsxDfnAu5J8XEXIFEupp7eUD06ejc0q5xhWQqDAxTYUU108JYg7Dpgr6%2F72U1DxNGU1VrEonytobPjcr5w55e5gBUCUdrxEBtlDjkgqW0pBwYMQ%3D%3D"}],"max_age":604800}
1 < NEL: {"report_to":"cf-nel","max_age":604800}
1 < Server: cloudflare
1 < CF-RAY: 64685a90dafd4ae1-HYD
1 < alt-svc: h3-27=":443"; ma=86400, h3-28=":443"; ma=86400, h3-29=":443"; ma=86400
1 < Set-Cookie: __cfduid=d879eebdf53d8b118852641d9046674bf1619529684; Max-Age=1622121684000; Expires=Sat, 24 Apr 53424 02:01:25 GMT; Domain=productionready.io
{"articlesCount":500,"articles":[{"tagList":[],"createdAt":"2021-04-27T13:20:38.858Z","author":{"image":"https:\/\/static.productionready.io\/images\/smiley-cyrus.jpg","following":false,"bio":null,"username":"nikica"},"description":"Example for blog article","title":"Primer","body":"This examples is only for testing app created in Angular Js.","favoritesCount":0,"slug":"primer-2uhrb1","updatedAt":"2021-04-27T13:20:38.858Z","favorited":false},{"tagList":[],"createdAt":"2021-04-27T13:20:33.349Z","author":{"image":"https:\/\/static.productionready.io\/images\/smiley-cyrus.jpg","following":false,"bio":null,"username":"ravigajul"},"description":"this is test article","title":"test article","body":"he there test article","favoritesCount":0,"slug":"test-article-cafam0","updatedAt":"2021-04-27T13:20:33.349Z","favorited":false},{"tagList":[],"createdAt":"2021-04-27T13:20:31.726Z","author":{"image":"https:\/\/static.productionready.io\/images\/smiley-cyrus.jpg","following":false,"bio":null,"username":"ravigajul"},"description":"this is test article","title":"test article","body":"he there test article","favoritesCount":0,"slug":"test-article-j8wchb","updatedAt":"2021-04-27T13:20:31.726Z","favorited":false},{"tagList":[],"createdAt":"2021-04-27T13:20:30.693Z","author":{"image":"https:\/\/static.productionready.io\/images\/smiley-cyrus.jpg","following":false,"bio":null,"username":"ravigajul"},"description":"this is test article","title":"test article","body":"he there test article","favoritesCount":0,"slug":"test-article-5spgdt","updatedAt":"2021-04-27T13:20:30.693Z","favorited":false},{"tagList":[],"createdAt":"2021-04-27T13:20:29.276Z","author":{"image":"https:\/\/static.productionready.io\/images\/smiley-cyrus.jpg","following":false,"bio":null,"username":"ravigajul"},"description":"this is test article","title":"test article","body":"he there test article","favoritesCount":0,"slug":"test-article-5857li","updatedAt":"2021-04-27T13:20:29.276Z","favorited":false},{"tagList":[],"createdAt":"2021-04-27T13:20:27.834Z","author":{"image":"https:\/\/static.productionready.io\/images\/smiley-cyrus.jpg","following":false,"bio":null,"username":"ravigajul"},"description":"this is test article","title":"test article","body":"he there test article","favoritesCount":0,"slug":"test-article-9s5ozv","updatedAt":"2021-04-27T13:20:27.834Z","favorited":false},{"tagList":[],"createdAt":"2021-04-27T13:20:25.824Z","author":{"image":"https:\/\/static.productionready.io\/images\/smiley-cyrus.jpg","following":false,"bio":null,"username":"ravigajul"},"description":"this is test article","title":"test article","body":"he there test article","favoritesCount":0,"slug":"test-article-237si9","updatedAt":"2021-04-27T13:20:25.824Z","favorited":false},{"tagList":[],"createdAt":"2021-04-27T13:20:24.665Z","author":{"image":"https:\/\/static.productionready.io\/images\/smiley-cyrus.jpg","following":false,"bio":null,"username":"ravigajul"},"description":"this is test article","title":"test article","body":"he there test article","favoritesCount":0,"slug":"test-article-d9dwe1","updatedAt":"2021-04-27T13:20:24.665Z","favorited":false},{"tagList":[],"createdAt":"2021-04-27T13:15:42.380Z","author":{"image":"","following":false,"bio":"HIHIHI1","username":"hehe12345"},"description":"123","title":"123","body":"123","favoritesCount":1,"slug":"123-xmrdk4","updatedAt":"2021-04-27T13:15:42.380Z","favorited":false},{"tagList":[],"createdAt":"2021-04-27T13:15:38.018Z","author":{"image":"","following":false,"bio":"HIHIHI1","username":"hehe12345"},"description":"123","title":"123","body":"123","favoritesCount":0,"slug":"123-vn3o2p","updatedAt":"2021-04-27T13:15:38.018Z","favorited":false}]}
18:51:25.733 [main] INFO  com.intuit.karate - karate.env system property was: null 
18:51:25.743 [main] DEBUG com.intuit.karate - request:
1 > GET https://conduit.productionready.io/api/articles?offset=0&limit=10
1 > Authorization: Token eyJ0eXAiOiJKV1QiLCJhbGciOiJIUzI1NiJ9.eyJpZCI6MTYzOTAzLCJ1c2VybmFtZSI6InJhdmlnYWp1bCIsImV4cCI6MTYyNDcxMzY4M30.XsVnHTd4rIbHLfV9BbkW34HFL0GlkLcVXToSS4QT7-I
1 > Host: conduit.productionready.io
1 > Connection: Keep-Alive
1 > User-Agent: Apache-HttpClient/4.5.13 (Java/1.8.0_261)
1 > Accept-Encoding: gzip,deflate


18:51:26.647 [main] DEBUG com.intuit.karate - response time in milliseconds: 902
1 < 200
1 < Date: Tue, 27 Apr 2021 13:21:26 GMT
1 < Content-Type: application/json; charset=utf-8
1 < Transfer-Encoding: chunked
1 < Connection: keep-alive
1 < Cache-Control: max-age=0, private, must-revalidate
1 < ETag: W/"3d771bcc0515f7645392a9ef02587ee6"
1 < Status: 200 OK
1 < Vary: Origin
1 < X-Content-Type-Options: nosniff
1 < X-Frame-Options: SAMEORIGIN
1 < X-Powered-By: Phusion Passenger 4.0.60
1 < X-Request-Id: 97f6128b-f37c-434d-93f4-3567423885fa
1 < X-Runtime: 0.622541
1 < X-XSS-Protection: 1; mode=block
1 < CF-Cache-Status: DYNAMIC
1 < cf-request-id: 09b516f30e00004b17389c6000000001
1 < Expect-CT: max-age=604800, report-uri="https://report-uri.cloudflare.com/cdn-cgi/beacon/expect-ct"
1 < Report-To: {"group":"cf-nel","endpoints":[{"url":"https:\/\/a.nel.cloudflare.com\/report?s=Ki%2F0YcJPB7k7hHdGmVamSxP%2FCr8ecguCHjK5Zs%2BBoD85BBhAdwp07Vku0RHr2tLW1MERqnh7x9jUsjzjWYbRG7%2BDNY67w8PLKjz5Ok%2B%2BZSOVgbcESallJ6ZvZQ%3D%3D"}],"max_age":604800}
1 < NEL: {"max_age":604800,"report_to":"cf-nel"}
1 < Server: cloudflare
1 < CF-RAY: 64685a981c274b17-HYD
1 < alt-svc: h3-27=":443"; ma=86400, h3-28=":443"; ma=86400, h3-29=":443"; ma=86400
1 < Set-Cookie: __cfduid=d601725edc1fa3f0fd2fea49744109f391619529685; Max-Age=1622121685000; Expires=Sat, 24 Apr 53424 02:18:06 GMT; Domain=productionready.io
{"articlesCount":500,"articles":[{"tagList":[],"createdAt":"2021-04-27T13:20:38.858Z","author":{"image":"https:\/\/static.productionready.io\/images\/smiley-cyrus.jpg","following":false,"bio":null,"username":"nikica"},"description":"Example for blog article","title":"Primer","body":"This examples is only for testing app created in Angular Js.","favoritesCount":1,"slug":"primer-2uhrb1","updatedAt":"2021-04-27T13:20:38.858Z","favorited":false},{"tagList":[],"createdAt":"2021-04-27T13:20:33.349Z","author":{"image":"https:\/\/static.productionready.io\/images\/smiley-cyrus.jpg","following":false,"bio":null,"username":"ravigajul"},"description":"this is test article","title":"test article","body":"he there test article","favoritesCount":0,"slug":"test-article-cafam0","updatedAt":"2021-04-27T13:20:33.349Z","favorited":false},{"tagList":[],"createdAt":"2021-04-27T13:20:31.726Z","author":{"image":"https:\/\/static.productionready.io\/images\/smiley-cyrus.jpg","following":false,"bio":null,"username":"ravigajul"},"description":"this is test article","title":"test article","body":"he there test article","favoritesCount":0,"slug":"test-article-j8wchb","updatedAt":"2021-04-27T13:20:31.726Z","favorited":false},{"tagList":[],"createdAt":"2021-04-27T13:20:30.693Z","author":{"image":"https:\/\/static.productionready.io\/images\/smiley-cyrus.jpg","following":false,"bio":null,"username":"ravigajul"},"description":"this is test article","title":"test article","body":"he there test article","favoritesCount":0,"slug":"test-article-5spgdt","updatedAt":"2021-04-27T13:20:30.693Z","favorited":false},{"tagList":[],"createdAt":"2021-04-27T13:20:29.276Z","author":{"image":"https:\/\/static.productionready.io\/images\/smiley-cyrus.jpg","following":false,"bio":null,"username":"ravigajul"},"description":"this is test article","title":"test article","body":"he there test article","favoritesCount":0,"slug":"test-article-5857li","updatedAt":"2021-04-27T13:20:29.276Z","favorited":false},{"tagList":[],"createdAt":"2021-04-27T13:20:27.834Z","author":{"image":"https:\/\/static.productionready.io\/images\/smiley-cyrus.jpg","following":false,"bio":null,"username":"ravigajul"},"description":"this is test article","title":"test article","body":"he there test article","favoritesCount":0,"slug":"test-article-9s5ozv","updatedAt":"2021-04-27T13:20:27.834Z","favorited":false},{"tagList":[],"createdAt":"2021-04-27T13:20:25.824Z","author":{"image":"https:\/\/static.productionready.io\/images\/smiley-cyrus.jpg","following":false,"bio":null,"username":"ravigajul"},"description":"this is test article","title":"test article","body":"he there test article","favoritesCount":0,"slug":"test-article-237si9","updatedAt":"2021-04-27T13:20:25.824Z","favorited":false},{"tagList":[],"createdAt":"2021-04-27T13:20:24.665Z","author":{"image":"https:\/\/static.productionready.io\/images\/smiley-cyrus.jpg","following":false,"bio":null,"username":"ravigajul"},"description":"this is test article","title":"test article","body":"he there test article","favoritesCount":0,"slug":"test-article-d9dwe1","updatedAt":"2021-04-27T13:20:24.665Z","favorited":false},{"tagList":[],"createdAt":"2021-04-27T13:15:42.380Z","author":{"image":"","following":false,"bio":"HIHIHI1","username":"hehe12345"},"description":"123","title":"123","body":"123","favoritesCount":1,"slug":"123-xmrdk4","updatedAt":"2021-04-27T13:15:42.380Z","favorited":false},{"tagList":[],"createdAt":"2021-04-27T13:15:38.018Z","author":{"image":"","following":false,"bio":"HIHIHI1","username":"hehe12345"},"description":"123","title":"123","body":"123","favoritesCount":0,"slug":"123-vn3o2p","updatedAt":"2021-04-27T13:15:38.018Z","favorited":false}]}
18:51:26.654 [main] INFO  com.intuit.karate - karate.env system property was: null 
18:51:26.662 [main] DEBUG com.intuit.karate - request:
1 > GET https://conduit.productionready.io/api/tags
1 > Authorization: Token eyJ0eXAiOiJKV1QiLCJhbGciOiJIUzI1NiJ9.eyJpZCI6MTYzOTAzLCJ1c2VybmFtZSI6InJhdmlnYWp1bCIsImV4cCI6MTYyNDcxMzY4M30.XsVnHTd4rIbHLfV9BbkW34HFL0GlkLcVXToSS4QT7-I
1 > Host: conduit.productionready.io
1 > Connection: Keep-Alive
1 > User-Agent: Apache-HttpClient/4.5.13 (Java/1.8.0_261)
1 > Accept-Encoding: gzip,deflate


18:51:28.192 [main] DEBUG com.intuit.karate - response time in milliseconds: 1530
1 < 200
1 < Date: Tue, 27 Apr 2021 13:21:28 GMT
1 < Content-Type: application/json; charset=utf-8
1 < Transfer-Encoding: chunked
1 < Connection: keep-alive
1 < Cache-Control: max-age=0, private, must-revalidate
1 < ETag: W/"b0a215c6e0e75ed7dfdd439ca22f90f8"
1 < Status: 200 OK
1 < Vary: Origin
1 < X-Content-Type-Options: nosniff
1 < X-Frame-Options: SAMEORIGIN
1 < X-Powered-By: Phusion Passenger 4.0.60
1 < X-Request-Id: 094d1105-72e3-4a1f-b399-601bdc009df4
1 < X-Runtime: 1.250913
1 < X-XSS-Protection: 1; mode=block
1 < CF-Cache-Status: DYNAMIC
1 < cf-request-id: 09b516f6a100004af9ee002000000001
1 < Expect-CT: max-age=604800, report-uri="https://report-uri.cloudflare.com/cdn-cgi/beacon/expect-ct"
1 < Report-To: {"group":"cf-nel","endpoints":[{"url":"https:\/\/a.nel.cloudflare.com\/report?s=7fbZ26FQ50292aqIRgbgrFDKasqmDl9HENRNVG4BXQOaSpXa8gzyTZzX4cWey6YEQK9wqQFhk0O%2BNCcCJMjCREcVmL%2BuzGYc67FX7eIpswDKDzr6kFEokpQ09Q%3D%3D"}],"max_age":604800}
1 < NEL: {"max_age":604800,"report_to":"cf-nel"}
1 < Server: cloudflare
1 < CF-RAY: 64685a9dcf394af9-HYD
1 < alt-svc: h3-27=":443"; ma=86400, h3-28=":443"; ma=86400, h3-29=":443"; ma=86400
1 < Set-Cookie: __cfduid=d58870e8acdd96d265ec80e95ccad41841619529686; Max-Age=1622121686000; Expires=Sat, 24 Apr 53424 02:34:48 GMT; Domain=productionready.io
{"tags":["\u200C","\u200C\u200C","\u200C\u200C\u200C","\u200C\u200C\u200C\u200C","\u200C\u200C\u200C\u200C\u200C","\u200C\u200C\u200C\u200C\u200C\u200C\u200C\u200C","\u200C\u200C\u200C\u200C\u200C\u200C\u200C","\u200C\u200C\u200C\u200C\u200C\u200C","\u200C\u200C\u200C\u200C\u200C\u200C\u200C\u200C\u200C\u200C","\u200C\u200C\u200C\u200C\u200C\u200C\u200C\u200C\u200C\u200C\u200C","HuManIty","Hu\u200CMan\u200CIty","Gandhi","HITLER","SIDA","BlackLivesMatter","Black\u200CLives\u200CMatter","test","dragons","butt"]}
18:51:28.212 [main] INFO  com.intuit.karate - karate.env system property was: null 
18:51:28.225 [main] DEBUG com.intuit.karate - request:
1 > GET https://conduit.productionready.io/api/tags
1 > Authorization: Token eyJ0eXAiOiJKV1QiLCJhbGciOiJIUzI1NiJ9.eyJpZCI6MTYzOTAzLCJ1c2VybmFtZSI6InJhdmlnYWp1bCIsImV4cCI6MTYyNDcxMzY4M30.XsVnHTd4rIbHLfV9BbkW34HFL0GlkLcVXToSS4QT7-I
1 > Host: conduit.productionready.io
1 > Connection: Keep-Alive
1 > User-Agent: Apache-HttpClient/4.5.13 (Java/1.8.0_261)
1 > Accept-Encoding: gzip,deflate


18:51:29.764 [main] DEBUG com.intuit.karate - response time in milliseconds: 1539
1 < 200
1 < Date: Tue, 27 Apr 2021 13:21:29 GMT
1 < Content-Type: application/json; charset=utf-8
1 < Transfer-Encoding: chunked
1 < Connection: keep-alive
1 < Cache-Control: max-age=0, private, must-revalidate
1 < ETag: W/"b0a215c6e0e75ed7dfdd439ca22f90f8"
1 < Status: 200 OK
1 < Vary: Origin
1 < X-Content-Type-Options: nosniff
1 < X-Frame-Options: SAMEORIGIN
1 < X-Powered-By: Phusion Passenger 4.0.60
1 < X-Request-Id: 1ad72563-686c-4c33-b7a1-f2b589a202ea
1 < X-Runtime: 1.015289
1 < X-XSS-Protection: 1; mode=block
1 < CF-Cache-Status: DYNAMIC
1 < cf-request-id: 09b516fccd00004af252ae7000000001
1 < Expect-CT: max-age=604800, report-uri="https://report-uri.cloudflare.com/cdn-cgi/beacon/expect-ct"
1 < Report-To: {"group":"cf-nel","endpoints":[{"url":"https:\/\/a.nel.cloudflare.com\/report?s=vKERJ4nQdPEIBWTRvMLdN3pOsyQ7bb91lGBEr6wRS3zUAx8b9wbjqdrpG6QnMR4dQUlN0Xrutm7Dv5324zO9sSQPAZveUqkYqhnEIPpEv3bwOhX0Y8ahY%2Fqn6w%3D%3D"}],"max_age":604800}
1 < NEL: {"report_to":"cf-nel","max_age":604800}
1 < Server: cloudflare
1 < CF-RAY: 64685aa7a8894af2-HYD
1 < alt-svc: h3-27=":443"; ma=86400, h3-28=":443"; ma=86400, h3-29=":443"; ma=86400
1 < Set-Cookie: __cfduid=ddbb4e2930d5b84d13d7a891da57862901619529688; Max-Age=1622121688000; Expires=Sat, 24 Apr 53424 03:08:09 GMT; Domain=productionready.io
{"tags":["\u200C","\u200C\u200C","\u200C\u200C\u200C","\u200C\u200C\u200C\u200C","\u200C\u200C\u200C\u200C\u200C","\u200C\u200C\u200C\u200C\u200C\u200C\u200C\u200C","\u200C\u200C\u200C\u200C\u200C\u200C\u200C","\u200C\u200C\u200C\u200C\u200C\u200C","\u200C\u200C\u200C\u200C\u200C\u200C\u200C\u200C\u200C\u200C","\u200C\u200C\u200C\u200C\u200C\u200C\u200C\u200C\u200C\u200C\u200C","HuManIty","Hu\u200CMan\u200CIty","Gandhi","HITLER","SIDA","BlackLivesMatter","Black\u200CLives\u200CMatter","test","dragons","butt"]}
18:51:29.774 [main] INFO  com.intuit.karate - karate.env system property was: null 
18:51:29.788 [main] DEBUG com.intuit.karate - request:
1 > GET https://conduit.productionready.io/api/tags
1 > Authorization: Token eyJ0eXAiOiJKV1QiLCJhbGciOiJIUzI1NiJ9.eyJpZCI6MTYzOTAzLCJ1c2VybmFtZSI6InJhdmlnYWp1bCIsImV4cCI6MTYyNDcxMzY4M30.XsVnHTd4rIbHLfV9BbkW34HFL0GlkLcVXToSS4QT7-I
1 > Host: conduit.productionready.io
1 > Connection: Keep-Alive
1 > User-Agent: Apache-HttpClient/4.5.13 (Java/1.8.0_261)
1 > Accept-Encoding: gzip,deflate


18:51:31.116 [main] DEBUG com.intuit.karate - response time in milliseconds: 1327
1 < 200
1 < Date: Tue, 27 Apr 2021 13:21:31 GMT
1 < Content-Type: application/json; charset=utf-8
1 < Transfer-Encoding: chunked
1 < Connection: keep-alive
1 < Cache-Control: max-age=0, private, must-revalidate
1 < ETag: W/"b0a215c6e0e75ed7dfdd439ca22f90f8"
1 < Status: 200 OK
1 < Vary: Origin
1 < X-Content-Type-Options: nosniff
1 < X-Frame-Options: SAMEORIGIN
1 < X-Powered-By: Phusion Passenger 4.0.60
1 < X-Request-Id: 5bd42eb2-b6c7-43df-a569-d38e9664365b
1 < X-Runtime: 0.806389
1 < X-XSS-Protection: 1; mode=block
1 < CF-Cache-Status: DYNAMIC
1 < cf-request-id: 09b51702da00004b047f2bf000000001
1 < Expect-CT: max-age=604800, report-uri="https://report-uri.cloudflare.com/cdn-cgi/beacon/expect-ct"
1 < Report-To: {"endpoints":[{"url":"https:\/\/a.nel.cloudflare.com\/report?s=vLHKTRAnN2OfUHJw9hk5xRctMYDyuj1UMMB%2Fg9Cr2NJPX3uQHfA1hEyctBnfxepPzTvTjn4iQCaLhi9TgKYId9j6s69b4Z3YhHZciCTbzIKNPri1Zly39gNOJQ%3D%3D"}],"max_age":604800,"group":"cf-nel"}
1 < NEL: {"report_to":"cf-nel","max_age":604800}
1 < Server: cloudflare
1 < CF-RAY: 64685ab158c14b04-HYD
1 < alt-svc: h3-27=":443"; ma=86400, h3-28=":443"; ma=86400, h3-29=":443"; ma=86400
1 < Set-Cookie: __cfduid=d52f471b17045a5ea560d84dd1d994fb61619529689; Max-Age=1622121689000; Expires=Sat, 24 Apr 53424 03:24:51 GMT; Domain=productionready.io
{"tags":["\u200C","\u200C\u200C","\u200C\u200C\u200C","\u200C\u200C\u200C\u200C","\u200C\u200C\u200C\u200C\u200C","\u200C\u200C\u200C\u200C\u200C\u200C\u200C\u200C","\u200C\u200C\u200C\u200C\u200C\u200C\u200C","\u200C\u200C\u200C\u200C\u200C\u200C","\u200C\u200C\u200C\u200C\u200C\u200C\u200C\u200C\u200C\u200C","\u200C\u200C\u200C\u200C\u200C\u200C\u200C\u200C\u200C\u200C\u200C","HuManIty","Hu\u200CMan\u200CIty","Gandhi","HITLER","SIDA","BlackLivesMatter","Black\u200CLives\u200CMatter","test","dragons","butt"]}
18:51:31.134 [main] INFO  com.intuit.karate - karate.env system property was: null 
18:51:31.142 [main] DEBUG com.intuit.karate - request:
1 > GET https://conduit.productionready.io/api/tags
1 > Authorization: Token eyJ0eXAiOiJKV1QiLCJhbGciOiJIUzI1NiJ9.eyJpZCI6MTYzOTAzLCJ1c2VybmFtZSI6InJhdmlnYWp1bCIsImV4cCI6MTYyNDcxMzY4M30.XsVnHTd4rIbHLfV9BbkW34HFL0GlkLcVXToSS4QT7-I
1 > Host: conduit.productionready.io
1 > Connection: Keep-Alive
1 > User-Agent: Apache-HttpClient/4.5.13 (Java/1.8.0_261)
1 > Accept-Encoding: gzip,deflate


18:51:32.523 [main] DEBUG com.intuit.karate - response time in milliseconds: 1381
1 < 200
1 < Date: Tue, 27 Apr 2021 13:21:32 GMT
1 < Content-Type: application/json; charset=utf-8
1 < Transfer-Encoding: chunked
1 < Connection: keep-alive
1 < Cache-Control: max-age=0, private, must-revalidate
1 < ETag: W/"b0a215c6e0e75ed7dfdd439ca22f90f8"
1 < Status: 200 OK
1 < Vary: Origin
1 < X-Content-Type-Options: nosniff
1 < X-Frame-Options: SAMEORIGIN
1 < X-Powered-By: Phusion Passenger 4.0.60
1 < X-Request-Id: e3d32130-9e64-415b-899e-8180e3d577e5
1 < X-Runtime: 0.859784
1 < X-XSS-Protection: 1; mode=block
1 < CF-Cache-Status: DYNAMIC
1 < cf-request-id: 09b517083100004b0475b43000000001
1 < Expect-CT: max-age=604800, report-uri="https://report-uri.cloudflare.com/cdn-cgi/beacon/expect-ct"
1 < Report-To: {"endpoints":[{"url":"https:\/\/a.nel.cloudflare.com\/report?s=KJH7FNYhAy75uqZphR8toSBVuR3p3HKMykAom1hh6HOker7eaB8roKT8FoeR4Y%2FYH%2BXWLKH2cjI4Uhp7wBOd%2BR5wwI%2ByBnS5g8wwSikL4xtsYEWmI3nq695AQQ%3D%3D"}],"max_age":604800,"group":"cf-nel"}
1 < NEL: {"report_to":"cf-nel","max_age":604800}
1 < Server: cloudflare
1 < CF-RAY: 64685ab9ee084b04-HYD
1 < alt-svc: h3-27=":443"; ma=86400, h3-28=":443"; ma=86400, h3-29=":443"; ma=86400
1 < Set-Cookie: __cfduid=de7a53256eb638c70871ccb51f6707c3a1619529691; Max-Age=1622121691000; Expires=Sat, 24 Apr 53424 03:58:12 GMT; Domain=productionready.io
{"tags":["\u200C","\u200C\u200C","\u200C\u200C\u200C","\u200C\u200C\u200C\u200C","\u200C\u200C\u200C\u200C\u200C","\u200C\u200C\u200C\u200C\u200C\u200C\u200C\u200C","\u200C\u200C\u200C\u200C\u200C\u200C\u200C","\u200C\u200C\u200C\u200C\u200C\u200C","\u200C\u200C\u200C\u200C\u200C\u200C\u200C\u200C\u200C\u200C","\u200C\u200C\u200C\u200C\u200C\u200C\u200C\u200C\u200C\u200C\u200C","HuManIty","Hu\u200CMan\u200CIty","Gandhi","HITLER","SIDA","BlackLivesMatter","Black\u200CLives\u200CMatter","test","dragons","butt"]}
18:51:32.540 [main] INFO  com.intuit.karate - karate.env system property was: null 
18:51:32.546 [main] DEBUG com.intuit.karate - request:
1 > GET https://conduit.productionready.io/api/tags
1 > Authorization: Token eyJ0eXAiOiJKV1QiLCJhbGciOiJIUzI1NiJ9.eyJpZCI6MTYzOTAzLCJ1c2VybmFtZSI6InJhdmlnYWp1bCIsImV4cCI6MTYyNDcxMzY4M30.XsVnHTd4rIbHLfV9BbkW34HFL0GlkLcVXToSS4QT7-I
1 > Host: conduit.productionready.io
1 > Connection: Keep-Alive
1 > User-Agent: Apache-HttpClient/4.5.13 (Java/1.8.0_261)
1 > Accept-Encoding: gzip,deflate


18:51:33.866 [main] DEBUG com.intuit.karate - response time in milliseconds: 1319
1 < 200
1 < Date: Tue, 27 Apr 2021 13:21:33 GMT
1 < Content-Type: application/json; charset=utf-8
1 < Transfer-Encoding: chunked
1 < Connection: keep-alive
1 < Cache-Control: max-age=0, private, must-revalidate
1 < ETag: W/"b0a215c6e0e75ed7dfdd439ca22f90f8"
1 < Status: 200 OK
1 < Vary: Origin
1 < X-Content-Type-Options: nosniff
1 < X-Frame-Options: SAMEORIGIN
1 < X-Powered-By: Phusion Passenger 4.0.60
1 < X-Request-Id: ff0aa50a-b457-4187-a780-1c9dc83b2e8c
1 < X-Runtime: 0.814825
1 < X-XSS-Protection: 1; mode=block
1 < CF-Cache-Status: DYNAMIC
1 < cf-request-id: 09b5170d9e00004b0a59298000000001
1 < Expect-CT: max-age=604800, report-uri="https://report-uri.cloudflare.com/cdn-cgi/beacon/expect-ct"
1 < Report-To: {"group":"cf-nel","max_age":604800,"endpoints":[{"url":"https:\/\/a.nel.cloudflare.com\/report?s=%2Fky%2BMYK5eBP8gfQOmBjVq11aVGehH%2FtsU9sznHFIoJOwl%2Fk4UhKQDUaST5gjpIGX5xgjx%2BwaKcaDkoJzU4z8dCgFHP8dwh7bhMNiQrtSRNzqkZ517l%2FG944gxQ%3D%3D"}]}
1 < NEL: {"max_age":604800,"report_to":"cf-nel"}
1 < Server: cloudflare
1 < CF-RAY: 64685ac29a494b0a-HYD
1 < alt-svc: h3-27=":443"; ma=86400, h3-28=":443"; ma=86400, h3-29=":443"; ma=86400
1 < Set-Cookie: __cfduid=d0ca0f33acd88e2175f783e1cd7a43de81619529692; Max-Age=1622121692000; Expires=Sat, 24 Apr 53424 04:14:53 GMT; Domain=productionready.io
{"tags":["\u200C","\u200C\u200C","\u200C\u200C\u200C","\u200C\u200C\u200C\u200C","\u200C\u200C\u200C\u200C\u200C","\u200C\u200C\u200C\u200C\u200C\u200C\u200C\u200C","\u200C\u200C\u200C\u200C\u200C\u200C\u200C","\u200C\u200C\u200C\u200C\u200C\u200C","\u200C\u200C\u200C\u200C\u200C\u200C\u200C\u200C\u200C\u200C","\u200C\u200C\u200C\u200C\u200C\u200C\u200C\u200C\u200C\u200C\u200C","HuManIty","Hu\u200CMan\u200CIty","Gandhi","HITLER","SIDA","BlackLivesMatter","Black\u200CLives\u200CMatter","test","dragons","butt"]}
18:51:33.879 [main] INFO  com.intuit.karate - karate.env system property was: null 
18:51:33.890 [main] DEBUG com.intuit.karate - request:
1 > GET https://conduit.productionready.io/api/articles?offset=0&limit=10
1 > Authorization: Token eyJ0eXAiOiJKV1QiLCJhbGciOiJIUzI1NiJ9.eyJpZCI6MTYzOTAzLCJ1c2VybmFtZSI6InJhdmlnYWp1bCIsImV4cCI6MTYyNDcxMzY4M30.XsVnHTd4rIbHLfV9BbkW34HFL0GlkLcVXToSS4QT7-I
1 > Host: conduit.productionready.io
1 > Connection: Keep-Alive
1 > User-Agent: Apache-HttpClient/4.5.13 (Java/1.8.0_261)
1 > Accept-Encoding: gzip,deflate


18:51:34.982 [main] DEBUG com.intuit.karate - response time in milliseconds: 1091
1 < 200
1 < Date: Tue, 27 Apr 2021 13:21:34 GMT
1 < Content-Type: application/json; charset=utf-8
1 < Transfer-Encoding: chunked
1 < Connection: keep-alive
1 < Cache-Control: max-age=0, private, must-revalidate
1 < ETag: W/"3d771bcc0515f7645392a9ef02587ee6"
1 < Status: 200 OK
1 < Vary: Origin
1 < X-Content-Type-Options: nosniff
1 < X-Frame-Options: SAMEORIGIN
1 < X-Powered-By: Phusion Passenger 4.0.60
1 < X-Request-Id: 0047228b-1bec-4561-a678-161ea114bf8d
1 < X-Runtime: 0.563178
1 < X-XSS-Protection: 1; mode=block
1 < CF-Cache-Status: DYNAMIC
1 < cf-request-id: 09b51712e500004aec7e18e000000001
1 < Expect-CT: max-age=604800, report-uri="https://report-uri.cloudflare.com/cdn-cgi/beacon/expect-ct"
1 < Report-To: {"endpoints":[{"url":"https:\/\/a.nel.cloudflare.com\/report?s=c2et7dN3zbwUKJaPs46JWgUNKaGaGDFuSAAafXYBay7Rru%2BZn9kAzwpfzDkn6Op%2BIMsbhRhK4XJJVfCoVJZrk3tNLlnqswo%2Fmwpc8q0vKbq%2B4n1K%2Fuw1kJiuIg%3D%3D"}],"group":"cf-nel","max_age":604800}
1 < NEL: {"report_to":"cf-nel","max_age":604800}
1 < Server: cloudflare
1 < CF-RAY: 64685acb0a7c4aec-HYD
1 < alt-svc: h3-27=":443"; ma=86400, h3-28=":443"; ma=86400, h3-29=":443"; ma=86400
1 < Set-Cookie: __cfduid=d299b26fba9622c5bc44d955ecc687a0b1619529693; Max-Age=1622121693000; Expires=Sat, 24 Apr 53424 04:31:34 GMT; Domain=productionready.io
{"articlesCount":500,"articles":[{"tagList":[],"createdAt":"2021-04-27T13:20:38.858Z","author":{"image":"https:\/\/static.productionready.io\/images\/smiley-cyrus.jpg","following":false,"bio":null,"username":"nikica"},"description":"Example for blog article","title":"Primer","body":"This examples is only for testing app created in Angular Js.","favoritesCount":1,"slug":"primer-2uhrb1","updatedAt":"2021-04-27T13:20:38.858Z","favorited":false},{"tagList":[],"createdAt":"2021-04-27T13:20:33.349Z","author":{"image":"https:\/\/static.productionready.io\/images\/smiley-cyrus.jpg","following":false,"bio":null,"username":"ravigajul"},"description":"this is test article","title":"test article","body":"he there test article","favoritesCount":0,"slug":"test-article-cafam0","updatedAt":"2021-04-27T13:20:33.349Z","favorited":false},{"tagList":[],"createdAt":"2021-04-27T13:20:31.726Z","author":{"image":"https:\/\/static.productionready.io\/images\/smiley-cyrus.jpg","following":false,"bio":null,"username":"ravigajul"},"description":"this is test article","title":"test article","body":"he there test article","favoritesCount":0,"slug":"test-article-j8wchb","updatedAt":"2021-04-27T13:20:31.726Z","favorited":false},{"tagList":[],"createdAt":"2021-04-27T13:20:30.693Z","author":{"image":"https:\/\/static.productionready.io\/images\/smiley-cyrus.jpg","following":false,"bio":null,"username":"ravigajul"},"description":"this is test article","title":"test article","body":"he there test article","favoritesCount":0,"slug":"test-article-5spgdt","updatedAt":"2021-04-27T13:20:30.693Z","favorited":false},{"tagList":[],"createdAt":"2021-04-27T13:20:29.276Z","author":{"image":"https:\/\/static.productionready.io\/images\/smiley-cyrus.jpg","following":false,"bio":null,"username":"ravigajul"},"description":"this is test article","title":"test article","body":"he there test article","favoritesCount":0,"slug":"test-article-5857li","updatedAt":"2021-04-27T13:20:29.276Z","favorited":false},{"tagList":[],"createdAt":"2021-04-27T13:20:27.834Z","author":{"image":"https:\/\/static.productionready.io\/images\/smiley-cyrus.jpg","following":false,"bio":null,"username":"ravigajul"},"description":"this is test article","title":"test article","body":"he there test article","favoritesCount":0,"slug":"test-article-9s5ozv","updatedAt":"2021-04-27T13:20:27.834Z","favorited":false},{"tagList":[],"createdAt":"2021-04-27T13:20:25.824Z","author":{"image":"https:\/\/static.productionready.io\/images\/smiley-cyrus.jpg","following":false,"bio":null,"username":"ravigajul"},"description":"this is test article","title":"test article","body":"he there test article","favoritesCount":0,"slug":"test-article-237si9","updatedAt":"2021-04-27T13:20:25.824Z","favorited":false},{"tagList":[],"createdAt":"2021-04-27T13:20:24.665Z","author":{"image":"https:\/\/static.productionready.io\/images\/smiley-cyrus.jpg","following":false,"bio":null,"username":"ravigajul"},"description":"this is test article","title":"test article","body":"he there test article","favoritesCount":0,"slug":"test-article-d9dwe1","updatedAt":"2021-04-27T13:20:24.665Z","favorited":false},{"tagList":[],"createdAt":"2021-04-27T13:15:42.380Z","author":{"image":"","following":false,"bio":"HIHIHI1","username":"hehe12345"},"description":"123","title":"123","body":"123","favoritesCount":1,"slug":"123-xmrdk4","updatedAt":"2021-04-27T13:15:42.380Z","favorited":false},{"tagList":[],"createdAt":"2021-04-27T13:15:38.018Z","author":{"image":"","following":false,"bio":"HIHIHI1","username":"hehe12345"},"description":"123","title":"123","body":"123","favoritesCount":0,"slug":"123-vn3o2p","updatedAt":"2021-04-27T13:15:38.018Z","favorited":false}]}
18:51:36.036 [main] INFO  com.intuit.karate - karate.env system property was: null 
18:51:36.047 [main] DEBUG com.intuit.karate - request:
1 > POST https://conduit.productionready.io/api/articles/
1 > Authorization: Token eyJ0eXAiOiJKV1QiLCJhbGciOiJIUzI1NiJ9.eyJpZCI6MTYzOTAzLCJ1c2VybmFtZSI6InJhdmlnYWp1bCIsImV4cCI6MTYyNDcxMzY4M30.XsVnHTd4rIbHLfV9BbkW34HFL0GlkLcVXToSS4QT7-I
1 > Content-Type: application/json; charset=UTF-8
1 > Content-Length: 117
1 > Host: conduit.productionready.io
1 > Connection: Keep-Alive
1 > User-Agent: Apache-HttpClient/4.5.13 (Java/1.8.0_261)
1 > Accept-Encoding: gzip,deflate
{"article":{"tagList":[],"description":"this is test article","title":"test article","body":"he there test article"}}

18:51:36.633 [main] DEBUG com.intuit.karate - response time in milliseconds: 586
1 < 200
1 < Date: Tue, 27 Apr 2021 13:21:36 GMT
1 < Content-Type: application/json; charset=utf-8
1 < Transfer-Encoding: chunked
1 < Connection: keep-alive
1 < Cache-Control: max-age=0, private, must-revalidate
1 < ETag: W/"41c12700f7e101d50f5193f5ad249338"
1 < Status: 200 OK
1 < Vary: Origin
1 < X-Content-Type-Options: nosniff
1 < X-Frame-Options: SAMEORIGIN
1 < X-Powered-By: Phusion Passenger 4.0.60
1 < X-Request-Id: 906de693-a2a5-417c-8aa0-2b5790a481e8
1 < X-Runtime: 0.074111
1 < X-XSS-Protection: 1; mode=block
1 < CF-Cache-Status: DYNAMIC
1 < cf-request-id: 09b5171b4f00004b1d82278000000001
1 < Expect-CT: max-age=604800, report-uri="https://report-uri.cloudflare.com/cdn-cgi/beacon/expect-ct"
1 < Report-To: {"endpoints":[{"url":"https:\/\/a.nel.cloudflare.com\/report?s=cGHR8cgiqB%2B29vYZ9S4QAlvJP8BXdIRiK5sNW3RhE8qYNnmCoGEhhKHjllfWl%2Fh6UByINlsYuLZA77JWeXAfozTgx6RWs2v5b2mkFw5EWWVLoessKi8XRDcVbQ%3D%3D"}],"group":"cf-nel","max_age":604800}
1 < NEL: {"max_age":604800,"report_to":"cf-nel"}
1 < Server: cloudflare
1 < CF-RAY: 64685ad87ba74b1d-HYD
1 < alt-svc: h3-27=":443"; ma=86400, h3-28=":443"; ma=86400, h3-29=":443"; ma=86400
1 < Set-Cookie: __cfduid=d082c34e182abc4f7fa34087bf1d9b07d1619529696; Max-Age=1622121696000; Expires=Sat, 24 Apr 53424 05:21:36 GMT; Domain=productionready.io
{"article":{"tagList":[],"createdAt":"2021-04-27T13:21:36.494Z","author":{"image":"https:\/\/static.productionready.io\/images\/smiley-cyrus.jpg","following":false,"bio":null,"username":"ravigajul"},"description":"this is test article","title":"test article","body":"he there test article","favoritesCount":0,"slug":"test-article-86n6og","updatedAt":"2021-04-27T13:21:36.494Z","favorited":false}}
18:51:36.635 [main] INFO  com.intuit.karate - [print] {
  "article": {
    "tagList": [
    ],
    "createdAt": "2021-04-27T13:21:36.494Z",
    "author": {
      "image": "https://static.productionready.io/images/smiley-cyrus.jpg",
      "following": false,
      "bio": null,
      "username": "ravigajul"
    },
    "description": "this is test article",
    "title": "test article",
    "body": "he there test article",
    "favoritesCount": 0,
    "slug": "test-article-86n6og",
    "updatedAt": "2021-04-27T13:21:36.494Z",
    "favorited": false
  }
}
 
18:51:36.740 [main] INFO  com.intuit.karate - karate.env system property was: null 
18:51:36.751 [main] INFO  com.intuit.karate - >> lock acquired, begin callonce: read('classpath:com/karate/helpers/CreateTokenConfigVariables.feature')
18:51:36.782 [main] DEBUG com.intuit.karate - request:
1 > POST https://conduit.productionready.io/api/users/login
1 > Authorization: Token eyJ0eXAiOiJKV1QiLCJhbGciOiJIUzI1NiJ9.eyJpZCI6MTYzOTAzLCJ1c2VybmFtZSI6InJhdmlnYWp1bCIsImV4cCI6MTYyNDcxMzY4M30.XsVnHTd4rIbHLfV9BbkW34HFL0GlkLcVXToSS4QT7-I
1 > Content-Type: application/json; charset=UTF-8
1 > Content-Length: 59
1 > Host: conduit.productionready.io
1 > Connection: Keep-Alive
1 > User-Agent: Apache-HttpClient/4.5.13 (Java/1.8.0_261)
1 > Accept-Encoding: gzip,deflate
{"user":{"password":"karate123","email":"rgajul@test.com"}}

18:51:37.165 [main] DEBUG com.intuit.karate - response time in milliseconds: 381
1 < 200
1 < Date: Tue, 27 Apr 2021 13:21:37 GMT
1 < Content-Type: application/json; charset=utf-8
1 < Transfer-Encoding: chunked
1 < Connection: keep-alive
1 < Cache-Control: max-age=0, private, must-revalidate
1 < ETag: W/"c170ecb0828c546349c3d4afa4d0eb06"
1 < Status: 200 OK
1 < Vary: Origin
1 < X-Content-Type-Options: nosniff
1 < X-Frame-Options: SAMEORIGIN
1 < X-Powered-By: Phusion Passenger 4.0.60
1 < X-Request-Id: 6adb12bb-61a5-4fb4-be4d-3983fb748b2e
1 < X-Runtime: 0.095090
1 < X-XSS-Protection: 1; mode=block
1 < CF-Cache-Status: DYNAMIC
1 < cf-request-id: 09b5171e3400004af90fa06000000001
1 < Expect-CT: max-age=604800, report-uri="https://report-uri.cloudflare.com/cdn-cgi/beacon/expect-ct"
1 < Report-To: {"group":"cf-nel","endpoints":[{"url":"https:\/\/a.nel.cloudflare.com\/report?s=zup5CLciX4z3NNOwCtNUOiBLvBxGB9hdHx%2BRakyaRgOJkd9ma56zPlbt5LsOtgPALaPn0tEcu6SnhJEFvUInCxyq0DQB113M9XNT7K%2FBPEhXlNqdZQ6XUCFCUA%3D%3D"}],"max_age":604800}
1 < NEL: {"max_age":604800,"report_to":"cf-nel"}
1 < Server: cloudflare
1 < CF-RAY: 64685add1fad4af9-HYD
1 < alt-svc: h3-27=":443"; ma=86400, h3-28=":443"; ma=86400, h3-29=":443"; ma=86400
1 < Set-Cookie: __cfduid=d283f36faeab15714237d12ebd4d06a501619529696; Max-Age=1622121696000; Expires=Sat, 24 Apr 53424 05:21:37 GMT; Domain=productionready.io
{"user":{"createdAt":"2021-04-21T03:35:52.200Z","image":null,"bio":null,"id":164180,"email":"rgajul@test.com","updatedAt":"2021-04-21T03:35:52.210Z","username":"ravigajul22","token":"eyJ0eXAiOiJKV1QiLCJhbGciOiJIUzI1NiJ9.eyJpZCI6MTY0MTgwLCJ1c2VybmFtZSI6InJhdmlnYWp1bDIyIiwiZXhwIjoxNjI0NzEzNjk3fQ.UwKeUPCzWfM5oNDkPxL010b8fSJ9FQwK2cIKTh8jq1Q"}}
18:51:37.168 [main] INFO  com.intuit.karate - [print] eyJ0eXAiOiJKV1QiLCJhbGciOiJIUzI1NiJ9.eyJpZCI6MTY0MTgwLCJ1c2VybmFtZSI6InJhdmlnYWp1bDIyIiwiZXhwIjoxNjI0NzEzNjk3fQ.UwKeUPCzWfM5oNDkPxL010b8fSJ9FQwK2cIKTh8jq1Q 
18:51:37.171 [main] INFO  com.intuit.karate - << lock released, cached callonce: read('classpath:com/karate/helpers/CreateTokenConfigVariables.feature')
18:51:37.175 [main] DEBUG com.intuit.karate - request:
1 > POST https://conduit.productionready.io/api/articles/
1 > Authorization: Token eyJ0eXAiOiJKV1QiLCJhbGciOiJIUzI1NiJ9.eyJpZCI6MTYzOTAzLCJ1c2VybmFtZSI6InJhdmlnYWp1bCIsImV4cCI6MTYyNDcxMzY4M30.XsVnHTd4rIbHLfV9BbkW34HFL0GlkLcVXToSS4QT7-I
1 > Content-Type: application/json; charset=UTF-8
1 > Content-Length: 117
1 > Host: conduit.productionready.io
1 > Connection: Keep-Alive
1 > User-Agent: Apache-HttpClient/4.5.13 (Java/1.8.0_261)
1 > Accept-Encoding: gzip,deflate
{"article":{"tagList":[],"description":"this is test article","title":"test article","body":"he there test article"}}

18:51:37.526 [main] DEBUG com.intuit.karate - response time in milliseconds: 350
1 < 200
1 < Date: Tue, 27 Apr 2021 13:21:37 GMT
1 < Content-Type: application/json; charset=utf-8
1 < Transfer-Encoding: chunked
1 < Connection: keep-alive
1 < Cache-Control: max-age=0, private, must-revalidate
1 < ETag: W/"58ecf9f819fc77ed25ddd4b9c8171f09"
1 < Status: 200 OK
1 < Vary: Origin
1 < X-Content-Type-Options: nosniff
1 < X-Frame-Options: SAMEORIGIN
1 < X-Powered-By: Phusion Passenger 4.0.60
1 < X-Request-Id: bf8562a5-a38d-4d05-90ec-ff40b32e5882
1 < X-Runtime: 0.068920
1 < X-XSS-Protection: 1; mode=block
1 < CF-Cache-Status: DYNAMIC
1 < cf-request-id: 09b5171fb800004b0583999000000001
1 < Expect-CT: max-age=604800, report-uri="https://report-uri.cloudflare.com/cdn-cgi/beacon/expect-ct"
1 < Report-To: {"endpoints":[{"url":"https:\/\/a.nel.cloudflare.com\/report?s=FkMGCQvlD2lmjnLyySMWHMC%2BjgFoFtJzZQBYPvckD%2BkDcMKJT9F%2BZ20EWTGQ6Rsx9KjWRLWdWHMHCyRoOJ49relR5xohygoCNK8JtPcTGFzpE1l6oop2XkGP3w%3D%3D"}],"max_age":604800,"group":"cf-nel"}
1 < NEL: {"report_to":"cf-nel","max_age":604800}
1 < Server: cloudflare
1 < CF-RAY: 64685adf8f5e4b05-HYD
1 < alt-svc: h3-27=":443"; ma=86400, h3-28=":443"; ma=86400, h3-29=":443"; ma=86400
1 < Set-Cookie: __cfduid=df3f9f9e23d677c6aecaad1c964a1163b1619529697; Max-Age=1622121697000; Expires=Sat, 24 Apr 53424 05:38:17 GMT; Domain=productionready.io
{"article":{"tagList":[],"createdAt":"2021-04-27T13:21:37.393Z","author":{"image":"https:\/\/static.productionready.io\/images\/smiley-cyrus.jpg","following":false,"bio":null,"username":"ravigajul"},"description":"this is test article","title":"test article","body":"he there test article","favoritesCount":0,"slug":"test-article-nce3pb","updatedAt":"2021-04-27T13:21:37.393Z","favorited":false}}
18:51:37.527 [main] INFO  com.intuit.karate - [print] {
  "article": {
    "tagList": [
    ],
    "createdAt": "2021-04-27T13:21:37.393Z",
    "author": {
      "image": "https://static.productionready.io/images/smiley-cyrus.jpg",
      "following": false,
      "bio": null,
      "username": "ravigajul"
    },
    "description": "this is test article",
    "title": "test article",
    "body": "he there test article",
    "favoritesCount": 0,
    "slug": "test-article-nce3pb",
    "updatedAt": "2021-04-27T13:21:37.393Z",
    "favorited": false
  }
}
 
18:51:37.622 [main] INFO  com.intuit.karate - karate.env system property was: null 
18:51:37.629 [main] INFO  com.intuit.karate - [print] This is a after dummy feature 
18:51:37.670 [main] INFO  com.intuit.karate - karate.env system property was: null 
18:51:37.675 [main] INFO  com.intuit.karate - [print] This is a before dummy feature 
18:51:37.707 [main] INFO  com.intuit.karate - karate.env system property was: null 
18:51:37.717 [main] DEBUG com.intuit.karate - request:
1 > POST https://conduit.productionready.io/api/users/login
1 > Authorization: Token eyJ0eXAiOiJKV1QiLCJhbGciOiJIUzI1NiJ9.eyJpZCI6MTYzOTAzLCJ1c2VybmFtZSI6InJhdmlnYWp1bCIsImV4cCI6MTYyNDcxMzY4M30.XsVnHTd4rIbHLfV9BbkW34HFL0GlkLcVXToSS4QT7-I
1 > Content-Type: application/json; charset=UTF-8
1 > Content-Length: 59
1 > Host: conduit.productionready.io
1 > Connection: Keep-Alive
1 > User-Agent: Apache-HttpClient/4.5.13 (Java/1.8.0_261)
1 > Accept-Encoding: gzip,deflate
{"user":{"password":"karate123","email":"rgajul@test.com"}}

18:51:38.325 [main] DEBUG com.intuit.karate - response time in milliseconds: 607
1 < 200
1 < Date: Tue, 27 Apr 2021 13:21:38 GMT
1 < Content-Type: application/json; charset=utf-8
1 < Transfer-Encoding: chunked
1 < Connection: keep-alive
1 < Cache-Control: max-age=0, private, must-revalidate
1 < ETag: W/"75ec677b05fa6815f8b9aaaf9c2b1138"
1 < Status: 200 OK
1 < Vary: Origin
1 < X-Content-Type-Options: nosniff
1 < X-Frame-Options: SAMEORIGIN
1 < X-Powered-By: Phusion Passenger 4.0.60
1 < X-Request-Id: 2850f0de-7691-452f-b814-48bf444b427c
1 < X-Runtime: 0.082154
1 < X-XSS-Protection: 1; mode=block
1 < CF-Cache-Status: DYNAMIC
1 < cf-request-id: 09b51721d300004aec4ba83000000001
1 < Expect-CT: max-age=604800, report-uri="https://report-uri.cloudflare.com/cdn-cgi/beacon/expect-ct"
1 < Report-To: {"endpoints":[{"url":"https:\/\/a.nel.cloudflare.com\/report?s=ZDLVx7sUwB5i5KgFlwBwQ42RjqZeR0lkZ0qJ9i%2F%2FlRrQvcWmsJ%2BGl6oYVZQfBsJ5Q5rpMS%2FXnWOnKHP4HBbsf8aMuT%2BhcITlUw5Pc%2FdIWS7ux%2BTiD2qJSeT0mA%3D%3D"}],"group":"cf-nel","max_age":604800}
1 < NEL: {"report_to":"cf-nel","max_age":604800}
1 < Server: cloudflare
1 < CF-RAY: 64685ae2e8084aec-HYD
1 < alt-svc: h3-27=":443"; ma=86400, h3-28=":443"; ma=86400, h3-29=":443"; ma=86400
1 < Set-Cookie: __cfduid=d75d62df161ff43d485f16dfdde28f5081619529697; Max-Age=1622121697000; Expires=Sat, 24 Apr 53424 05:38:18 GMT; Domain=productionready.io
{"user":{"createdAt":"2021-04-21T03:35:52.200Z","image":null,"bio":null,"id":164180,"email":"rgajul@test.com","updatedAt":"2021-04-21T03:35:52.210Z","username":"ravigajul22","token":"eyJ0eXAiOiJKV1QiLCJhbGciOiJIUzI1NiJ9.eyJpZCI6MTY0MTgwLCJ1c2VybmFtZSI6InJhdmlnYWp1bDIyIiwiZXhwIjoxNjI0NzEzNjk4fQ.yB7F-ZkF_JtRdEvZJY-jmPpgT34ms0lKnYX_ZYHvF8k"}}
18:51:38.327 [main] INFO  com.intuit.karate - [print] eyJ0eXAiOiJKV1QiLCJhbGciOiJIUzI1NiJ9.eyJpZCI6MTY0MTgwLCJ1c2VybmFtZSI6InJhdmlnYWp1bDIyIiwiZXhwIjoxNjI0NzEzNjk4fQ.yB7F-ZkF_JtRdEvZJY-jmPpgT34ms0lKnYX_ZYHvF8k 
18:51:38.459 [main] INFO  com.intuit.karate - karate.env system property was: null 
18:51:38.472 [main] INFO  com.intuit.karate - >> lock acquired, begin callonce: read('classpath:com/karate/helpers/CreateTokenParameterized.feature') {'paramemail': 'ravi.gajul@test.com','parampassword': 'Ant3m3an!'}
18:51:38.481 [main] DEBUG com.intuit.karate - request:
1 > POST https://conduit.productionready.io/api/users/login
1 > Authorization: Token eyJ0eXAiOiJKV1QiLCJhbGciOiJIUzI1NiJ9.eyJpZCI6MTYzOTAzLCJ1c2VybmFtZSI6InJhdmlnYWp1bCIsImV4cCI6MTYyNDcxMzY4M30.XsVnHTd4rIbHLfV9BbkW34HFL0GlkLcVXToSS4QT7-I
1 > Content-Type: application/json; charset=UTF-8
1 > Content-Length: 63
1 > Host: conduit.productionready.io
1 > Connection: Keep-Alive
1 > User-Agent: Apache-HttpClient/4.5.13 (Java/1.8.0_261)
1 > Accept-Encoding: gzip,deflate
{"user":{"password":"Ant3m3an!","email":"ravi.gajul@test.com"}}

18:51:38.853 [main] DEBUG com.intuit.karate - response time in milliseconds: 371
1 < 200
1 < Date: Tue, 27 Apr 2021 13:21:38 GMT
1 < Content-Type: application/json; charset=utf-8
1 < Transfer-Encoding: chunked
1 < Connection: keep-alive
1 < Cache-Control: max-age=0, private, must-revalidate
1 < ETag: W/"d9a8c2949af4367d04a118d7cdb3353a"
1 < Status: 200 OK
1 < Vary: Origin
1 < X-Content-Type-Options: nosniff
1 < X-Frame-Options: SAMEORIGIN
1 < X-Powered-By: Phusion Passenger 4.0.60
1 < X-Request-Id: a55cad3c-4472-4fd7-98fd-648c6fc473ea
1 < X-Runtime: 0.086808
1 < X-XSS-Protection: 1; mode=block
1 < CF-Cache-Status: DYNAMIC
1 < cf-request-id: 09b51724d500004af3d388a000000001
1 < Expect-CT: max-age=604800, report-uri="https://report-uri.cloudflare.com/cdn-cgi/beacon/expect-ct"
1 < Report-To: {"group":"cf-nel","endpoints":[{"url":"https:\/\/a.nel.cloudflare.com\/report?s=0xHAoPKDGqnVNyM0hc3QXUucSjq3AuZfWZmOlpcZBmEdRhElvCqon6tm49qJ9KB1QNW%2FR1dHhZsEDrDX%2BUw%2F2CurzMWsty5f2ZzZBwFA7sBXf2Iw%2FerrINQlxg%3D%3D"}],"max_age":604800}
1 < NEL: {"max_age":604800,"report_to":"cf-nel"}
1 < Server: cloudflare
1 < CF-RAY: 64685ae7bb944af3-HYD
1 < alt-svc: h3-27=":443"; ma=86400, h3-28=":443"; ma=86400, h3-29=":443"; ma=86400
1 < Set-Cookie: __cfduid=df96d06291da0092b8e2d2fbfddf6e1e61619529698; Max-Age=1622121698000; Expires=Sat, 24 Apr 53424 05:54:58 GMT; Domain=productionready.io
{"user":{"createdAt":"2021-04-20T09:54:12.199Z","image":null,"bio":null,"id":163903,"email":"ravi.gajul@test.com","updatedAt":"2021-04-20T09:54:12.212Z","username":"ravigajul","token":"eyJ0eXAiOiJKV1QiLCJhbGciOiJIUzI1NiJ9.eyJpZCI6MTYzOTAzLCJ1c2VybmFtZSI6InJhdmlnYWp1bCIsImV4cCI6MTYyNDcxMzY5OH0.qi8er0PVMtHUvLIfnf3QfnoqvR96vHayg3c6bQKF-1c"}}
18:51:38.854 [main] INFO  com.intuit.karate - [print] eyJ0eXAiOiJKV1QiLCJhbGciOiJIUzI1NiJ9.eyJpZCI6MTYzOTAzLCJ1c2VybmFtZSI6InJhdmlnYWp1bCIsImV4cCI6MTYyNDcxMzY5OH0.qi8er0PVMtHUvLIfnf3QfnoqvR96vHayg3c6bQKF-1c 
18:51:38.855 [main] INFO  com.intuit.karate - [print] Email: ravi.gajul@test.com--Password: Ant3m3an! 
18:51:38.856 [main] INFO  com.intuit.karate - << lock released, cached callonce: read('classpath:com/karate/helpers/CreateTokenParameterized.feature') {'paramemail': 'ravi.gajul@test.com','parampassword': 'Ant3m3an!'}
18:51:38.859 [main] DEBUG com.intuit.karate - request:
1 > POST https://conduit.productionready.io/api/articles/
1 > Authorization: Token eyJ0eXAiOiJKV1QiLCJhbGciOiJIUzI1NiJ9.eyJpZCI6MTYzOTAzLCJ1c2VybmFtZSI6InJhdmlnYWp1bCIsImV4cCI6MTYyNDcxMzY4M30.XsVnHTd4rIbHLfV9BbkW34HFL0GlkLcVXToSS4QT7-I
1 > Content-Type: application/json; charset=UTF-8
1 > Content-Length: 117
1 > Host: conduit.productionready.io
1 > Connection: Keep-Alive
1 > User-Agent: Apache-HttpClient/4.5.13 (Java/1.8.0_261)
1 > Accept-Encoding: gzip,deflate
{"article":{"tagList":[],"description":"this is test article","title":"test article","body":"he there test article"}}

18:51:39.452 [main] DEBUG com.intuit.karate - response time in milliseconds: 591
1 < 200
1 < Date: Tue, 27 Apr 2021 13:21:39 GMT
1 < Content-Type: application/json; charset=utf-8
1 < Transfer-Encoding: chunked
1 < Connection: keep-alive
1 < Cache-Control: max-age=0, private, must-revalidate
1 < ETag: W/"d9066057beaa6c87391702f224fadeaa"
1 < Status: 200 OK
1 < Vary: Origin
1 < X-Content-Type-Options: nosniff
1 < X-Frame-Options: SAMEORIGIN
1 < X-Powered-By: Phusion Passenger 4.0.60
1 < X-Request-Id: 1bd76b41-d862-495f-a679-16d1a9e32fa4
1 < X-Runtime: 0.066287
1 < X-XSS-Protection: 1; mode=block
1 < CF-Cache-Status: DYNAMIC
1 < cf-request-id: 09b517264b00004af879ba4000000001
1 < Expect-CT: max-age=604800, report-uri="https://report-uri.cloudflare.com/cdn-cgi/beacon/expect-ct"
1 < Report-To: {"group":"cf-nel","max_age":604800,"endpoints":[{"url":"https:\/\/a.nel.cloudflare.com\/report?s=ztbAtEX%2FpQCeeLIuZH4xXGL3q0xTb1stC9NyAvu0RtcYGQi383FET7dU0icWwbtgbCW30lqUstLrDoJBcyEZ%2B6s8INENghFGr%2BAYGvwcE%2B0DQqmMhw7NnIrBgA%3D%3D"}]}
1 < NEL: {"max_age":604800,"report_to":"cf-nel"}
1 < Server: cloudflare
1 < CF-RAY: 64685aea18bc4af8-HYD
1 < alt-svc: h3-27=":443"; ma=86400, h3-28=":443"; ma=86400, h3-29=":443"; ma=86400
1 < Set-Cookie: __cfduid=d4dd320ec9d84d275669f1e7c04f22e851619529698; Max-Age=1622121698000; Expires=Sat, 24 Apr 53424 05:54:59 GMT; Domain=productionready.io
{"article":{"tagList":[],"createdAt":"2021-04-27T13:21:39.314Z","author":{"image":"https:\/\/static.productionready.io\/images\/smiley-cyrus.jpg","following":false,"bio":null,"username":"ravigajul"},"description":"this is test article","title":"test article","body":"he there test article","favoritesCount":0,"slug":"test-article-hqkm2c","updatedAt":"2021-04-27T13:21:39.314Z","favorited":false}}
18:51:39.454 [main] INFO  com.intuit.karate - [print] {
  "article": {
    "tagList": [
    ],
    "createdAt": "2021-04-27T13:21:39.314Z",
    "author": {
      "image": "https://static.productionready.io/images/smiley-cyrus.jpg",
      "following": false,
      "bio": null,
      "username": "ravigajul"
    },
    "description": "this is test article",
    "title": "test article",
    "body": "he there test article",
    "favoritesCount": 0,
    "slug": "test-article-hqkm2c",
    "updatedAt": "2021-04-27T13:21:39.314Z",
    "favorited": false
  }
}
 
18:51:39.605 [main] INFO  com.intuit.karate - karate.env system property was: null 
18:51:39.613 [main] DEBUG com.intuit.karate - request:
1 > POST https://conduit.productionready.io/api/users/login
1 > Authorization: Token eyJ0eXAiOiJKV1QiLCJhbGciOiJIUzI1NiJ9.eyJpZCI6MTYzOTAzLCJ1c2VybmFtZSI6InJhdmlnYWp1bCIsImV4cCI6MTYyNDcxMzY4M30.XsVnHTd4rIbHLfV9BbkW34HFL0GlkLcVXToSS4QT7-I
1 > Content-Type: application/json; charset=UTF-8
1 > Content-Length: 63
1 > Host: conduit.productionready.io
1 > Connection: Keep-Alive
1 > User-Agent: Apache-HttpClient/4.5.13 (Java/1.8.0_261)
1 > Accept-Encoding: gzip,deflate
{"user":{"password":"Ant3m3an!","email":"ravi.gajul@test.com"}}

18:51:40.305 [main] DEBUG com.intuit.karate - response time in milliseconds: 692
1 < 200
1 < Date: Tue, 27 Apr 2021 13:21:40 GMT
1 < Content-Type: application/json; charset=utf-8
1 < Transfer-Encoding: chunked
1 < Connection: keep-alive
1 < Cache-Control: max-age=0, private, must-revalidate
1 < ETag: W/"83dc965dadc6f135a61a7f1875e9afc5"
1 < Status: 200 OK
1 < Vary: Origin
1 < X-Content-Type-Options: nosniff
1 < X-Frame-Options: SAMEORIGIN
1 < X-Powered-By: Phusion Passenger 4.0.60
1 < X-Request-Id: e6fa547e-1941-40fd-a4b8-e622c15e3bee
1 < X-Runtime: 0.173501
1 < X-XSS-Protection: 1; mode=block
1 < CF-Cache-Status: DYNAMIC
1 < cf-request-id: 09b517293a00004b1000856000000001
1 < Expect-CT: max-age=604800, report-uri="https://report-uri.cloudflare.com/cdn-cgi/beacon/expect-ct"
1 < Report-To: {"group":"cf-nel","endpoints":[{"url":"https:\/\/a.nel.cloudflare.com\/report?s=XLcRmgL2mHpLSVugjJ0UE%2FPTC9ceuUvgLJQF7HMl%2BEuSyv%2F%2BNTjG5aFuoaUrf25NbrjGsT4U8jyXVgfX2t3I7ZSrfjQxgjKzXSFhuND5UEHxHk%2FxQlnJxo6VrQ%3D%3D"}],"max_age":604800}
1 < NEL: {"max_age":604800,"report_to":"cf-nel"}
1 < Server: cloudflare
1 < CF-RAY: 64685aeecc534b10-HYD
1 < alt-svc: h3-27=":443"; ma=86400, h3-28=":443"; ma=86400, h3-29=":443"; ma=86400
1 < Set-Cookie: __cfduid=d54949c23fb4f1f1e41f7d5bef1ee78371619529699; Max-Age=1622121699000; Expires=Sat, 24 Apr 53424 06:11:40 GMT; Domain=productionready.io
{"user":{"createdAt":"2021-04-20T09:54:12.199Z","image":null,"bio":null,"id":163903,"email":"ravi.gajul@test.com","updatedAt":"2021-04-20T09:54:12.212Z","username":"ravigajul","token":"eyJ0eXAiOiJKV1QiLCJhbGciOiJIUzI1NiJ9.eyJpZCI6MTYzOTAzLCJ1c2VybmFtZSI6InJhdmlnYWp1bCIsImV4cCI6MTYyNDcxMzcwMH0.al1UTXpMLWgTft77UVhVZ_z2y3Vd5UkZ0y2E9BE4Ggk"}}
18:51:40.306 [main] INFO  com.intuit.karate - [print] eyJ0eXAiOiJKV1QiLCJhbGciOiJIUzI1NiJ9.eyJpZCI6MTYzOTAzLCJ1c2VybmFtZSI6InJhdmlnYWp1bCIsImV4cCI6MTYyNDcxMzcwMH0.al1UTXpMLWgTft77UVhVZ_z2y3Vd5UkZ0y2E9BE4Ggk 
18:51:40.308 [main] DEBUG com.intuit.karate - request:
2 > POST https://conduit.productionready.io/api/articles/
2 > Authorization: Token eyJ0eXAiOiJKV1QiLCJhbGciOiJIUzI1NiJ9.eyJpZCI6MTYzOTAzLCJ1c2VybmFtZSI6InJhdmlnYWp1bCIsImV4cCI6MTYyNDcxMzY4M30.XsVnHTd4rIbHLfV9BbkW34HFL0GlkLcVXToSS4QT7-I
2 > Cookie: __cfduid=d54949c23fb4f1f1e41f7d5bef1ee78371619529699
2 > Content-Type: application/json; charset=UTF-8
2 > Content-Length: 117
2 > Host: conduit.productionready.io
2 > Connection: Keep-Alive
2 > User-Agent: Apache-HttpClient/4.5.13 (Java/1.8.0_261)
2 > Accept-Encoding: gzip,deflate
{"article":{"tagList":[],"description":"this is test article","title":"test article","body":"he there test article"}}

18:51:40.879 [main] DEBUG com.intuit.karate - response time in milliseconds: 570
2 < 200
2 < Date: Tue, 27 Apr 2021 13:21:40 GMT
2 < Content-Type: application/json; charset=utf-8
2 < Transfer-Encoding: chunked
2 < Connection: keep-alive
2 < Cache-Control: max-age=0, private, must-revalidate
2 < ETag: W/"abe1a51184f441f8314c6e3ac7b6c55a"
2 < Status: 200 OK
2 < Vary: Origin
2 < X-Content-Type-Options: nosniff
2 < X-Frame-Options: SAMEORIGIN
2 < X-Powered-By: Phusion Passenger 4.0.60
2 < X-Request-Id: 0a81ded8-144b-4033-b5fa-2984659cdf10
2 < X-Runtime: 0.077758
2 < X-XSS-Protection: 1; mode=block
2 < CF-Cache-Status: DYNAMIC
2 < cf-request-id: 09b5172bf000004adb2e3d9000000001
2 < Expect-CT: max-age=604800, report-uri="https://report-uri.cloudflare.com/cdn-cgi/beacon/expect-ct"
2 < Report-To: {"group":"cf-nel","endpoints":[{"url":"https:\/\/a.nel.cloudflare.com\/report?s=W%2Bx0ekA%2FF%2BfqItfNjAubTgZjwYFW4iDb2g8AGUYwqKyoAz0lOOGz88q9mxypZbt7WNo%2BcsA3xtJA1xFmMY66OGgDxkHEYmAvrag6%2B4KJ%2FUTC0qmPm%2Bdz9bdFIA%3D%3D"}],"max_age":604800}
2 < NEL: {"max_age":604800,"report_to":"cf-nel"}
2 < Server: cloudflare
2 < CF-RAY: 64685af31bca4adb-HYD
2 < alt-svc: h3-27=":443"; ma=86400, h3-28=":443"; ma=86400, h3-29=":443"; ma=86400
{"article":{"tagList":[],"createdAt":"2021-04-27T13:21:40.752Z","author":{"image":"https:\/\/static.productionready.io\/images\/smiley-cyrus.jpg","following":false,"bio":null,"username":"ravigajul"},"description":"this is test article","title":"test article","body":"he there test article","favoritesCount":0,"slug":"test-article-mtmigq","updatedAt":"2021-04-27T13:21:40.752Z","favorited":false}}
18:51:40.879 [main] INFO  com.intuit.karate - [print] {
  "article": {
    "tagList": [
    ],
    "createdAt": "2021-04-27T13:21:40.752Z",
    "author": {
      "image": "https://static.productionready.io/images/smiley-cyrus.jpg",
      "following": false,
      "bio": null,
      "username": "ravigajul"
    },
    "description": "this is test article",
    "title": "test article",
    "body": "he there test article",
    "favoritesCount": 0,
    "slug": "test-article-mtmigq",
    "updatedAt": "2021-04-27T13:21:40.752Z",
    "favorited": false
  }
}
 
18:51:40.934 [main] INFO  com.intuit.karate - karate.env system property was: null 
18:51:40.941 [main] INFO  com.intuit.karate - [print] circleci/<language>:<version TAG> 
18:51:40.943 [main] INFO  com.intuit.karate - [print] mydockerhub-user 
18:51:40.944 [main] INFO  com.intuit.karate - [print] $DOCKERHUB_PASSWORD 
18:51:40.973 [main] INFO  com.intuit.karate - karate.env system property was: null 
18:51:40.979 [main] DEBUG com.intuit.karate - request:
1 > POST https://conduit.productionready.io/api/users/login
1 > Authorization: Token eyJ0eXAiOiJKV1QiLCJhbGciOiJIUzI1NiJ9.eyJpZCI6MTYzOTAzLCJ1c2VybmFtZSI6InJhdmlnYWp1bCIsImV4cCI6MTYyNDcxMzY4M30.XsVnHTd4rIbHLfV9BbkW34HFL0GlkLcVXToSS4QT7-I
1 > Content-Type: application/json; charset=UTF-8
1 > Content-Length: 63
1 > Host: conduit.productionready.io
1 > Connection: Keep-Alive
1 > User-Agent: Apache-HttpClient/4.5.13 (Java/1.8.0_261)
1 > Accept-Encoding: gzip,deflate
{"user":{"password":"Ant3m3an!","email":"ravi.gajul@test.com"}}

18:51:41.586 [main] DEBUG com.intuit.karate - response time in milliseconds: 607
1 < 200
1 < Date: Tue, 27 Apr 2021 13:21:41 GMT
1 < Content-Type: application/json; charset=utf-8
1 < Transfer-Encoding: chunked
1 < Connection: keep-alive
1 < Cache-Control: max-age=0, private, must-revalidate
1 < ETag: W/"026a1a5f23d87897ed6f0b96ad5bf252"
1 < Status: 200 OK
1 < Vary: Origin
1 < X-Content-Type-Options: nosniff
1 < X-Frame-Options: SAMEORIGIN
1 < X-Powered-By: Phusion Passenger 4.0.60
1 < X-Request-Id: 674176fb-c941-41c2-80d1-69b38935b9e7
1 < X-Runtime: 0.082518
1 < X-XSS-Protection: 1; mode=block
1 < CF-Cache-Status: DYNAMIC
1 < cf-request-id: 09b5172e9d00004acf2c1c8000000001
1 < Expect-CT: max-age=604800, report-uri="https://report-uri.cloudflare.com/cdn-cgi/beacon/expect-ct"
1 < Report-To: {"endpoints":[{"url":"https:\/\/a.nel.cloudflare.com\/report?s=WIGfG9JfjAQOX6kMUx%2FeME7Csw5Mhx%2BHUbq%2FAOZ%2F20BODb5gf%2B4RYV0%2BbiiPR237oJpWQR8Uf1CD7oRGfaC7DVPoHnZdbJfYSRKkMlGjT54cOqGGYF%2BatupsdQ%3D%3D"}],"group":"cf-nel","max_age":604800}
1 < NEL: {"max_age":604800,"report_to":"cf-nel"}
1 < Server: cloudflare
1 < CF-RAY: 64685af76fbc4acf-HYD
1 < alt-svc: h3-27=":443"; ma=86400, h3-28=":443"; ma=86400, h3-29=":443"; ma=86400
1 < Set-Cookie: __cfduid=d9360d58d9d86b00dc8587a9101f375e21619529701; Max-Age=1622121701000; Expires=Sat, 24 Apr 53424 06:45:01 GMT; Domain=productionready.io
{"user":{"createdAt":"2021-04-20T09:54:12.199Z","image":null,"bio":null,"id":163903,"email":"ravi.gajul@test.com","updatedAt":"2021-04-20T09:54:12.212Z","username":"ravigajul","token":"eyJ0eXAiOiJKV1QiLCJhbGciOiJIUzI1NiJ9.eyJpZCI6MTYzOTAzLCJ1c2VybmFtZSI6InJhdmlnYWp1bCIsImV4cCI6MTYyNDcxMzcwMX0.kt51GQQ1UKrWy46Ie_xzHktfD4ai8WRNl9D39Q2pkKU"}}
18:51:41.587 [main] INFO  com.intuit.karate - [print] eyJ0eXAiOiJKV1QiLCJhbGciOiJIUzI1NiJ9.eyJpZCI6MTYzOTAzLCJ1c2VybmFtZSI6InJhdmlnYWp1bCIsImV4cCI6MTYyNDcxMzcwMX0.kt51GQQ1UKrWy46Ie_xzHktfD4ai8WRNl9D39Q2pkKU 
18:51:41.587 [main] DEBUG com.intuit.karate - over-writing existing variable 'isValidTime' with new value: read('classpath:com/karate/helpers/time-validator.js')
18:51:41.590 [main] DEBUG com.intuit.karate - request:
2 > POST https://conduit.productionready.io/api/articles/
2 > Authorization: Token eyJ0eXAiOiJKV1QiLCJhbGciOiJIUzI1NiJ9.eyJpZCI6MTYzOTAzLCJ1c2VybmFtZSI6InJhdmlnYWp1bCIsImV4cCI6MTYyNDcxMzY4M30.XsVnHTd4rIbHLfV9BbkW34HFL0GlkLcVXToSS4QT7-I
2 > Cookie: __cfduid=d9360d58d9d86b00dc8587a9101f375e21619529701
2 > Content-Type: application/json; charset=UTF-8
2 > Content-Length: 117
2 > Host: conduit.productionready.io
2 > Connection: Keep-Alive
2 > User-Agent: Apache-HttpClient/4.5.13 (Java/1.8.0_261)
2 > Accept-Encoding: gzip,deflate
{"article":{"tagList":[],"description":"this is test article","title":"test article","body":"he there test article"}}

18:51:42.190 [main] DEBUG com.intuit.karate - response time in milliseconds: 600
2 < 200
2 < Date: Tue, 27 Apr 2021 13:21:42 GMT
2 < Content-Type: application/json; charset=utf-8
2 < Transfer-Encoding: chunked
2 < Connection: keep-alive
2 < Cache-Control: max-age=0, private, must-revalidate
2 < ETag: W/"efc3b5ad873e5110e109dd8af38aab6a"
2 < Status: 200 OK
2 < Vary: Origin
2 < X-Content-Type-Options: nosniff
2 < X-Frame-Options: SAMEORIGIN
2 < X-Powered-By: Phusion Passenger 4.0.60
2 < X-Request-Id: 1d841b9a-205e-4c49-bc41-d6d38880bbe8
2 < X-Runtime: 0.073306
2 < X-XSS-Protection: 1; mode=block
2 < CF-Cache-Status: DYNAMIC
2 < cf-request-id: 09b51730f700004af91a96c000000001
2 < Expect-CT: max-age=604800, report-uri="https://report-uri.cloudflare.com/cdn-cgi/beacon/expect-ct"
2 < Report-To: {"group":"cf-nel","endpoints":[{"url":"https:\/\/a.nel.cloudflare.com\/report?s=6YgQD3NUe8va0hYq4goNILYBcdAvtupqcIJwY2oTGrKQ9zEi9GkmYZM%2FbTnE1%2FGhZXnVk1rYrmMt66gxerZuwq9f76mPig9DEI2U%2FrpNz6ye0zEQoQmt5x0%2FgA%3D%3D"}],"max_age":604800}
2 < NEL: {"max_age":604800,"report_to":"cf-nel"}
2 < Server: cloudflare
2 < CF-RAY: 64685afb1b234af9-HYD
2 < alt-svc: h3-27=":443"; ma=86400, h3-28=":443"; ma=86400, h3-29=":443"; ma=86400
{"article":{"tagList":[],"createdAt":"2021-04-27T13:21:42.054Z","author":{"image":"https:\/\/static.productionready.io\/images\/smiley-cyrus.jpg","following":false,"bio":null,"username":"ravigajul"},"description":"this is test article","title":"test article","body":"he there test article","favoritesCount":0,"slug":"test-article-22qzgh","updatedAt":"2021-04-27T13:21:42.054Z","favorited":false}}
18:51:42.191 [main] INFO  com.intuit.karate - [print] {
  "article": {
    "tagList": [
    ],
    "createdAt": "2021-04-27T13:21:42.054Z",
    "author": {
      "image": "https://static.productionready.io/images/smiley-cyrus.jpg",
      "following": false,
      "bio": null,
      "username": "ravigajul"
    },
    "description": "this is test article",
    "title": "test article",
    "body": "he there test article",
    "favoritesCount": 0,
    "slug": "test-article-22qzgh",
    "updatedAt": "2021-04-27T13:21:42.054Z",
    "favorited": false
  }
}
 
18:51:42.216 [main] INFO  com.intuit.karate - karate.env system property was: null 
18:51:42.224 [main] DEBUG com.intuit.karate - request:
1 > POST https://conduit.productionready.io/api/users/login
1 > Authorization: Token eyJ0eXAiOiJKV1QiLCJhbGciOiJIUzI1NiJ9.eyJpZCI6MTYzOTAzLCJ1c2VybmFtZSI6InJhdmlnYWp1bCIsImV4cCI6MTYyNDcxMzY4M30.XsVnHTd4rIbHLfV9BbkW34HFL0GlkLcVXToSS4QT7-I
1 > Content-Type: application/json; charset=UTF-8
1 > Content-Length: 63
1 > Host: conduit.productionready.io
1 > Connection: Keep-Alive
1 > User-Agent: Apache-HttpClient/4.5.13 (Java/1.8.0_261)
1 > Accept-Encoding: gzip,deflate
{"user":{"password":"Ant3m3an!","email":"ravi.gajul@test.com"}}

18:51:43.144 [main] DEBUG com.intuit.karate - response time in milliseconds: 919
1 < 200
1 < Date: Tue, 27 Apr 2021 13:21:43 GMT
1 < Content-Type: application/json; charset=utf-8
1 < Transfer-Encoding: chunked
1 < Connection: keep-alive
1 < Cache-Control: max-age=0, private, must-revalidate
1 < ETag: W/"136e997113947d4faa5e646d1163df9c"
1 < Status: 200 OK
1 < Vary: Origin
1 < X-Content-Type-Options: nosniff
1 < X-Frame-Options: SAMEORIGIN
1 < X-Powered-By: Phusion Passenger 4.0.60
1 < X-Request-Id: 872f8b32-cb5e-41d8-9f90-5bd8371af7ff
1 < X-Runtime: 0.082169
1 < X-XSS-Protection: 1; mode=block
1 < CF-Cache-Status: DYNAMIC
1 < cf-request-id: 09b517349d00004aedc81e5000000001
1 < Expect-CT: max-age=604800, report-uri="https://report-uri.cloudflare.com/cdn-cgi/beacon/expect-ct"
1 < Report-To: {"group":"cf-nel","endpoints":[{"url":"https:\/\/a.nel.cloudflare.com\/report?s=mgbFul9NFOHY18CY%2BZvTQYkg04J2FN9t2JBVxNmlW3avR0MzAIVcia6amHRKjxVSSDKZUSt5a1bJmC0gww2EckgEAmcuZcFlT%2BS68CKuKZFdy3zjIt5650CqSQ%3D%3D"}],"max_age":604800}
1 < NEL: {"report_to":"cf-nel","max_age":604800}
1 < Server: cloudflare
1 < CF-RAY: 64685b00fecc4aed-HYD
1 < alt-svc: h3-27=":443"; ma=86400, h3-28=":443"; ma=86400, h3-29=":443"; ma=86400
1 < Set-Cookie: __cfduid=dfa226c8c700598dfb749f9bec04856491619529702; Max-Age=1622121702000; Expires=Sat, 24 Apr 53424 07:01:43 GMT; Domain=productionready.io
{"user":{"createdAt":"2021-04-20T09:54:12.199Z","image":null,"bio":null,"id":163903,"email":"ravi.gajul@test.com","updatedAt":"2021-04-20T09:54:12.212Z","username":"ravigajul","token":"eyJ0eXAiOiJKV1QiLCJhbGciOiJIUzI1NiJ9.eyJpZCI6MTYzOTAzLCJ1c2VybmFtZSI6InJhdmlnYWp1bCIsImV4cCI6MTYyNDcxMzcwM30.3u3z4X707invfaH1L1D8kAljQlWmVbDN5N2mvgc0k-c"}}
18:51:43.145 [main] INFO  com.intuit.karate - [print] eyJ0eXAiOiJKV1QiLCJhbGciOiJIUzI1NiJ9.eyJpZCI6MTYzOTAzLCJ1c2VybmFtZSI6InJhdmlnYWp1bCIsImV4cCI6MTYyNDcxMzcwM30.3u3z4X707invfaH1L1D8kAljQlWmVbDN5N2mvgc0k-c 
18:51:43.145 [main] DEBUG com.intuit.karate - over-writing existing variable 'isValidTime' with new value: read('classpath:com/karate/helpers/time-validator.js')
18:51:43.148 [main] DEBUG com.intuit.karate - request:
2 > POST https://conduit.productionready.io/api/articles/
2 > Authorization: Token eyJ0eXAiOiJKV1QiLCJhbGciOiJIUzI1NiJ9.eyJpZCI6MTYzOTAzLCJ1c2VybmFtZSI6InJhdmlnYWp1bCIsImV4cCI6MTYyNDcxMzY4M30.XsVnHTd4rIbHLfV9BbkW34HFL0GlkLcVXToSS4QT7-I
2 > Cookie: __cfduid=dfa226c8c700598dfb749f9bec04856491619529702
2 > Content-Type: application/json; charset=UTF-8
2 > Content-Length: 117
2 > Host: conduit.productionready.io
2 > Connection: Keep-Alive
2 > User-Agent: Apache-HttpClient/4.5.13 (Java/1.8.0_261)
2 > Accept-Encoding: gzip,deflate
{"article":{"tagList":[],"description":"this is test article","title":"test article","body":"he there test article"}}

18:51:43.496 [main] DEBUG com.intuit.karate - response time in milliseconds: 348
2 < 200
2 < Date: Tue, 27 Apr 2021 13:21:43 GMT
2 < Content-Type: application/json; charset=utf-8
2 < Transfer-Encoding: chunked
2 < Connection: keep-alive
2 < Cache-Control: max-age=0, private, must-revalidate
2 < ETag: W/"bca4051e1fed3497f7f06a48494ad8a0"
2 < Status: 200 OK
2 < Vary: Origin
2 < X-Content-Type-Options: nosniff
2 < X-Frame-Options: SAMEORIGIN
2 < X-Powered-By: Phusion Passenger 4.0.60
2 < X-Request-Id: d8378ada-64a0-4ff4-af92-2940eb8b7226
2 < X-Runtime: 0.070583
2 < X-XSS-Protection: 1; mode=block
2 < CF-Cache-Status: DYNAMIC
2 < cf-request-id: 09b517370700004b0a359c1000000001
2 < Expect-CT: max-age=604800, report-uri="https://report-uri.cloudflare.com/cdn-cgi/beacon/expect-ct"
2 < Report-To: {"group":"cf-nel","max_age":604800,"endpoints":[{"url":"https:\/\/a.nel.cloudflare.com\/report?s=vOmB4bGuLH8mJTMd2mQalnRi9mFPnnIja1OqPCzXl%2BXVZR42oRklk%2FF2MWpt%2B0Lt%2F1bMn1kOYClUOVsL%2FpBf8GfjbCJ1N4O4jr2dRZxiGIXnN0zPwnNe42LDSw%3D%3D"}]}
2 < NEL: {"max_age":604800,"report_to":"cf-nel"}
2 < Server: cloudflare
2 < CF-RAY: 64685b04dc164b0a-HYD
2 < alt-svc: h3-27=":443"; ma=86400, h3-28=":443"; ma=86400, h3-29=":443"; ma=86400
{"article":{"tagList":[],"createdAt":"2021-04-27T13:21:43.363Z","author":{"image":"https:\/\/static.productionready.io\/images\/smiley-cyrus.jpg","following":false,"bio":null,"username":"ravigajul"},"description":"this is test article","title":"test article","body":"he there test article","favoritesCount":0,"slug":"test-article-n7zy16","updatedAt":"2021-04-27T13:21:43.363Z","favorited":false}}
18:51:43.497 [main] INFO  com.intuit.karate - [print] {
  "article": {
    "tagList": [
    ],
    "createdAt": "2021-04-27T13:21:43.363Z",
    "author": {
      "image": "https://static.productionready.io/images/smiley-cyrus.jpg",
      "following": false,
      "bio": null,
      "username": "ravigajul"
    },
    "description": "this is test article",
    "title": "test article",
    "body": "he there test article",
    "favoritesCount": 0,
    "slug": "test-article-n7zy16",
    "updatedAt": "2021-04-27T13:21:43.363Z",
    "favorited": false
  }
}
 
18:51:43.593 [main] INFO  com.intuit.karate - karate.env system property was: null 
18:51:43.776 [main] DEBUG com.intuit.karate - over-writing existing variable 'useremail' with new value: datagenerator.generateRandomEmail()
18:51:43.786 [main] INFO  com.intuit.karate - [print] luis0 
18:51:43.799 [main] DEBUG com.intuit.karate - request:
1 > POST https://conduit.productionready.io/api/users
1 > Authorization: Token eyJ0eXAiOiJKV1QiLCJhbGciOiJIUzI1NiJ9.eyJpZCI6MTYzOTAzLCJ1c2VybmFtZSI6InJhdmlnYWp1bCIsImV4cCI6MTYyNDcxMzY4M30.XsVnHTd4rIbHLfV9BbkW34HFL0GlkLcVXToSS4QT7-I
1 > Content-Type: application/json; charset=UTF-8
1 > Content-Length: 77
1 > Host: conduit.productionready.io
1 > Connection: Keep-Alive
1 > User-Agent: Apache-HttpClient/4.5.13 (Java/1.8.0_261)
1 > Accept-Encoding: gzip,deflate
{"user":{"password":"random123","email":"luis0@test.com","username":"luis0"}}

18:51:44.416 [main] DEBUG com.intuit.karate - response time in milliseconds: 616
1 < 200
1 < Date: Tue, 27 Apr 2021 13:21:44 GMT
1 < Content-Type: application/json; charset=utf-8
1 < Transfer-Encoding: chunked
1 < Connection: keep-alive
1 < cache-control: max-age=0, private, must-revalidate
1 < etag: W/"68c84fe412179691e512ed058ffcaef3"
1 < location: /
1 < status: 200 OK
1 < vary: Origin
1 < x-content-type-options: nosniff
1 < x-frame-options: SAMEORIGIN
1 < x-powered-by: Phusion Passenger 4.0.60
1 < x-request-id: 8bd9050e-7a5f-43a8-8527-deccc857fbb8
1 < x-runtime: 0.099723
1 < x-xss-protection: 1; mode=block
1 < CF-Cache-Status: DYNAMIC
1 < cf-request-id: 09b517399800004b0ba8205000000001
1 < Expect-CT: max-age=604800, report-uri="https://report-uri.cloudflare.com/cdn-cgi/beacon/expect-ct"
1 < Report-To: {"max_age":604800,"group":"cf-nel","endpoints":[{"url":"https:\/\/a.nel.cloudflare.com\/report?s=Sq7mJ2gp8Ybmp3H9UDLs5m70Yn0E0MxFRi6joF%2BFlii9%2FR%2FdhhzFJ8pkRY8Ai9VS%2BNIOqSpcZhXzZKNOcGK%2F2ykyatg%2BPGC138txIO5essvF5xi5abQvKu7vrQ%3D%3D"}]}
1 < NEL: {"max_age":604800,"report_to":"cf-nel"}
1 < Server: cloudflare
1 < CF-RAY: 64685b08f9064b0b-HYD
1 < alt-svc: h3-27=":443"; ma=86400, h3-28=":443"; ma=86400, h3-29=":443"; ma=86400
1 < Set-Cookie: __cfduid=d8e4a2106c55681eefe6a0940006d1d6e1619529703; Max-Age=1622121703000; Expires=Sat, 24 Apr 53424 07:18:24 GMT; Domain=productionready.io
{"user":{"createdAt":"2021-04-27T13:21:44.281Z","image":null,"bio":null,"id":165777,"email":"luis0@test.com","updatedAt":"2021-04-27T13:21:44.286Z","username":"luis0","token":"eyJ0eXAiOiJKV1QiLCJhbGciOiJIUzI1NiJ9.eyJpZCI6MTY1Nzc3LCJ1c2VybmFtZSI6Imx1aXMwIiwiZXhwIjoxNjI0NzEzNzA0fQ.5gJ1Xc4BG7jbwtcOyDVKKhcX-R4_E8CMMCN8G-lwUe0"}}
18:51:44.420 [main] INFO  com.intuit.karate - [print] {
  "user": {
    "createdAt": "2021-04-27T13:21:44.281Z",
    "image": null,
    "bio": null,
    "id": 165777,
    "email": "luis0@test.com",
    "updatedAt": "2021-04-27T13:21:44.286Z",
    "username": "luis0",
    "token": "eyJ0eXAiOiJKV1QiLCJhbGciOiJIUzI1NiJ9.eyJpZCI6MTY1Nzc3LCJ1c2VybmFtZSI6Imx1aXMwIiwiZXhwIjoxNjI0NzEzNzA0fQ.5gJ1Xc4BG7jbwtcOyDVKKhcX-R4_E8CMMCN8G-lwUe0"
  }
}
 
18:51:44.485 [main] INFO  com.intuit.karate - karate.env system property was: null 
18:51:44.501 [main] INFO  com.intuit.karate - >> lock acquired, begin callonce: read('classpath:com/karate/helpers/CreateTokenConfigVariables.feature')
18:51:44.509 [main] DEBUG com.intuit.karate - request:
1 > POST https://conduit.productionready.io/api/users/login
1 > Authorization: Token eyJ0eXAiOiJKV1QiLCJhbGciOiJIUzI1NiJ9.eyJpZCI6MTYzOTAzLCJ1c2VybmFtZSI6InJhdmlnYWp1bCIsImV4cCI6MTYyNDcxMzY4M30.XsVnHTd4rIbHLfV9BbkW34HFL0GlkLcVXToSS4QT7-I
1 > Content-Type: application/json; charset=UTF-8
1 > Content-Length: 59
1 > Host: conduit.productionready.io
1 > Connection: Keep-Alive
1 > User-Agent: Apache-HttpClient/4.5.13 (Java/1.8.0_261)
1 > Accept-Encoding: gzip,deflate
{"user":{"password":"karate123","email":"rgajul@test.com"}}

18:51:44.872 [main] DEBUG com.intuit.karate - response time in milliseconds: 361
1 < 200
1 < Date: Tue, 27 Apr 2021 13:21:44 GMT
1 < Content-Type: application/json; charset=utf-8
1 < Transfer-Encoding: chunked
1 < Connection: keep-alive
1 < Cache-Control: max-age=0, private, must-revalidate
1 < ETag: W/"1454fa24c72ef9f3bc5071668d4466f5"
1 < Status: 200 OK
1 < Vary: Origin
1 < X-Content-Type-Options: nosniff
1 < X-Frame-Options: SAMEORIGIN
1 < X-Powered-By: Phusion Passenger 4.0.60
1 < X-Request-Id: 49afcdd8-b72c-4a05-9c03-d87b9efed340
1 < X-Runtime: 0.082172
1 < X-XSS-Protection: 1; mode=block
1 < CF-Cache-Status: DYNAMIC
1 < cf-request-id: 09b5173c5f00004b11a21b2000000001
1 < Expect-CT: max-age=604800, report-uri="https://report-uri.cloudflare.com/cdn-cgi/beacon/expect-ct"
1 < Report-To: {"endpoints":[{"url":"https:\/\/a.nel.cloudflare.com\/report?s=%2BQdmKfMP8zB%2FssKdV4huvK6ew8W5xkSBFwkgitxm0KgQFs%2BJ48D%2FKlHr8pocyiMwrg%2BOylVlKhrsWnZ%2FwoyVgmQ7BvsMQKCfTpcjCLX3tbVGNOT1j3QwCNjyqQ%3D%3D"}],"max_age":604800,"group":"cf-nel"}
1 < NEL: {"max_age":604800,"report_to":"cf-nel"}
1 < Server: cloudflare
1 < CF-RAY: 64685b0d595c4b11-HYD
1 < alt-svc: h3-27=":443"; ma=86400, h3-28=":443"; ma=86400, h3-29=":443"; ma=86400
1 < Set-Cookie: __cfduid=d5ba3160bc206131c270558cd06a14be01619529704; Max-Age=1622121704000; Expires=Sat, 24 Apr 53424 07:35:04 GMT; Domain=productionready.io
{"user":{"createdAt":"2021-04-21T03:35:52.200Z","image":null,"bio":null,"id":164180,"email":"rgajul@test.com","updatedAt":"2021-04-21T03:35:52.210Z","username":"ravigajul22","token":"eyJ0eXAiOiJKV1QiLCJhbGciOiJIUzI1NiJ9.eyJpZCI6MTY0MTgwLCJ1c2VybmFtZSI6InJhdmlnYWp1bDIyIiwiZXhwIjoxNjI0NzEzNzA0fQ.HRR3p0yLCFFsRxDtpxgdJWUgqqWX2F2QGkvMkjNsyRA"}}
18:51:44.874 [main] INFO  com.intuit.karate - [print] eyJ0eXAiOiJKV1QiLCJhbGciOiJIUzI1NiJ9.eyJpZCI6MTY0MTgwLCJ1c2VybmFtZSI6InJhdmlnYWp1bDIyIiwiZXhwIjoxNjI0NzEzNzA0fQ.HRR3p0yLCFFsRxDtpxgdJWUgqqWX2F2QGkvMkjNsyRA 
18:51:44.875 [main] INFO  com.intuit.karate - << lock released, cached callonce: read('classpath:com/karate/helpers/CreateTokenConfigVariables.feature')
18:51:44.876 [main] INFO  com.intuit.karate - [print] eyJ0eXAiOiJKV1QiLCJhbGciOiJIUzI1NiJ9.eyJpZCI6MTY0MTgwLCJ1c2VybmFtZSI6InJhdmlnYWp1bDIyIiwiZXhwIjoxNjI0NzEzNzA0fQ.HRR3p0yLCFFsRxDtpxgdJWUgqqWX2F2QGkvMkjNsyRA 
18:51:44.882 [main] DEBUG com.intuit.karate - request:
1 > POST https://conduit.productionready.io/api/articles/
1 > Authorization: Token eyJ0eXAiOiJKV1QiLCJhbGciOiJIUzI1NiJ9.eyJpZCI6MTYzOTAzLCJ1c2VybmFtZSI6InJhdmlnYWp1bCIsImV4cCI6MTYyNDcxMzY4M30.XsVnHTd4rIbHLfV9BbkW34HFL0GlkLcVXToSS4QT7-I
1 > Content-Type: application/json; charset=UTF-8
1 > Content-Length: 117
1 > Host: conduit.productionready.io
1 > Connection: Keep-Alive
1 > User-Agent: Apache-HttpClient/4.5.13 (Java/1.8.0_261)
1 > Accept-Encoding: gzip,deflate
{"article":{"tagList":[],"description":"this is test article","title":"test article","body":"he there test article"}}

18:51:45.314 [main] DEBUG com.intuit.karate - response time in milliseconds: 432
1 < 200
1 < Date: Tue, 27 Apr 2021 13:21:45 GMT
1 < Content-Type: application/json; charset=utf-8
1 < Transfer-Encoding: chunked
1 < Connection: keep-alive
1 < Cache-Control: max-age=0, private, must-revalidate
1 < ETag: W/"e31069b2be958ce865a90825c5f81641"
1 < Status: 200 OK
1 < Vary: Origin
1 < X-Content-Type-Options: nosniff
1 < X-Frame-Options: SAMEORIGIN
1 < X-Powered-By: Phusion Passenger 4.0.60
1 < X-Request-Id: ccf61f33-56cc-4ea4-80b0-b589093a911c
1 < X-Runtime: 0.138277
1 < X-XSS-Protection: 1; mode=block
1 < CF-Cache-Status: DYNAMIC
1 < cf-request-id: 09b5173dd300004af9f1014000000001
1 < Expect-CT: max-age=604800, report-uri="https://report-uri.cloudflare.com/cdn-cgi/beacon/expect-ct"
1 < Report-To: {"group":"cf-nel","endpoints":[{"url":"https:\/\/a.nel.cloudflare.com\/report?s=oiytpFiyvpYWCD2AiP%2F3qA9p1UxjlL%2BmeQh%2FZbDsj1O6pBGciManhLY2sdPU2BevAO3SvmWQcpFsvL4eqNAPYy07OrGxHvPvd1t4BPjhnDMnRCeEEwgje%2B3HWg%3D%3D"}],"max_age":604800}
1 < NEL: {"max_age":604800,"report_to":"cf-nel"}
1 < Server: cloudflare
1 < CF-RAY: 64685b0fbae34af9-HYD
1 < alt-svc: h3-27=":443"; ma=86400, h3-28=":443"; ma=86400, h3-29=":443"; ma=86400
1 < Set-Cookie: __cfduid=ddd827a99502b7043ff51c786a9d0af461619529704; Max-Age=1622121704000; Expires=Sat, 24 Apr 53424 07:35:05 GMT; Domain=productionready.io
{"article":{"tagList":[],"createdAt":"2021-04-27T13:21:45.172Z","author":{"image":"https:\/\/static.productionready.io\/images\/smiley-cyrus.jpg","following":false,"bio":null,"username":"ravigajul"},"description":"this is test article","title":"test article","body":"he there test article","favoritesCount":0,"slug":"test-article-w5bx01","updatedAt":"2021-04-27T13:21:45.172Z","favorited":false}}
18:51:45.315 [main] INFO  com.intuit.karate - [print] {
  "article": {
    "tagList": [
    ],
    "createdAt": "2021-04-27T13:21:45.172Z",
    "author": {
      "image": "https://static.productionready.io/images/smiley-cyrus.jpg",
      "following": false,
      "bio": null,
      "username": "ravigajul"
    },
    "description": "this is test article",
    "title": "test article",
    "body": "he there test article",
    "favoritesCount": 0,
    "slug": "test-article-w5bx01",
    "updatedAt": "2021-04-27T13:21:45.172Z",
    "favorited": false
  }
}
 
